<?xml version="1.0" encoding="utf-8"?>
<TestRun id="8ac0d4bc-a263-4b51-b969-bffd1ee095a3" name="gabri@BREADMAKER 2025-03-18 09:01:34" runUser="BREADMAKER\gabri" xmlns="http://microsoft.com/schemas/VisualStudio/TeamTest/2010">
  <Times creation="2025-03-18T09:01:34.2306229+00:00" queuing="2025-03-18T09:01:34.2306233+00:00" start="2025-03-18T09:01:33.3371298+00:00" finish="2025-03-18T09:01:41.3517299+00:00" />
  <TestSettings name="default" id="f78df83c-2a34-4655-979e-80c84a6f7ee3">
    <Deployment runDeploymentRoot="gabri_BREADMAKER_2025-03-18_09_01_34" />
  </TestSettings>
  <Results>
    <UnitTestResult executionId="4ce494f7-556e-470f-bf49-20a81b03004c" testId="70b4a7bf-f6a7-c4cb-33e0-c364c5ce8a73" testName="TestRunningTwoTasks" computerName="BREADMAKER" duration="00:00:00.0068950" startTime="2025-03-18T09:01:35.0876728+00:00" endTime="2025-03-18T09:01:35.0945668+00:00" testType="13cdc9d9-ddb5-4fa4-a97d-d965ccfc6d4b" outcome="Passed" testListId="8c84fa94-04c1-424b-9868-57a2d4851a1d" relativeResultsDirectory="4ce494f7-556e-470f-bf49-20a81b03004c" />
    <UnitTestResult executionId="3e1f08e0-450c-4ade-b861-4282ac9c31d9" testId="7b23933e-a182-830c-5e6b-e5a8144179f0" testName="TestWinner" computerName="BREADMAKER" duration="00:00:00.0002910" startTime="2025-03-18T09:01:34.1758654+00:00" endTime="2025-03-18T09:01:34.1761565+00:00" testType="13cdc9d9-ddb5-4fa4-a97d-d965ccfc6d4b" outcome="Passed" testListId="8c84fa94-04c1-424b-9868-57a2d4851a1d" relativeResultsDirectory="3e1f08e0-450c-4ade-b861-4282ac9c31d9" />
    <UnitTestResult executionId="4634e9f4-87de-4e6f-aef3-9a217d1d7c67" testId="311be0c5-2660-9c54-e29b-56b4ba6d714f" testName="TestDungeonBattleTeamHasUnits" computerName="BREADMAKER" duration="00:00:00.0071850" startTime="2025-03-18T09:01:34.4104670+00:00" endTime="2025-03-18T09:01:34.4176515+00:00" testType="13cdc9d9-ddb5-4fa4-a97d-d965ccfc6d4b" outcome="Passed" testListId="8c84fa94-04c1-424b-9868-57a2d4851a1d" relativeResultsDirectory="4634e9f4-87de-4e6f-aef3-9a217d1d7c67" />
    <UnitTestResult executionId="e353fbeb-7f10-4ece-8448-43e0b3fd1259" testId="d8345b32-00c2-5c61-2563-04eec20f2069" testName="SmokeTestFlow" computerName="BREADMAKER" duration="00:00:05.4021150" startTime="2025-03-18T09:01:35.8675059+00:00" endTime="2025-03-18T09:01:41.2696207+00:00" testType="13cdc9d9-ddb5-4fa4-a97d-d965ccfc6d4b" outcome="Failed" testListId="8c84fa94-04c1-424b-9868-57a2d4851a1d" relativeResultsDirectory="e353fbeb-7f10-4ece-8448-43e0b3fd1259">
      <Output>
        <StdOut>[Client SDK] Sending LoginPacket to ACCOUNT&#xD;
[Client SDK] Client disconnecting&#xD;
[Client SDK] Sending LoginPacket to ACCOUNT&#xD;
[Client SDK] Connected to Server WORLD&#xD;
[Client SDK] Connected to Server ACCOUNT&#xD;
[Server ACCOUNT] Received 103 bytes for  from connection 5&#xD;
[Server ACCOUNT] Authenticating account abc&#xD;
[Server ACCOUNT] Registered new account abc with playerId 87&#xD;
[Server ACCOUNT] Sending Game.Events.ServerEvents.LoginResultPacket to 5&#xD;
[Server ACCOUNT] Player 87 Registered connection id 5&#xD;
[Server ACCOUNT] Connection 5 registered authenticated as &lt;Profile PlayerId=87 Name=abc/&gt;&#xD;
[Server ACCOUNT] Received 103 bytes for  from connection 5&#xD;
[Client SDK] Received Packet Game.Events.ServerEvents.LoginResultPacket&#xD;
[Client SDK] Logged In - Sending Handshake to servers&#xD;
[Client SDK] Sending HandshakePacket to WORLD&#xD;
[Client SDK] Sending HandshakePacket to CHAT&#xD;
[Client SDK] Connected to Server CHAT&#xD;
[Server CHAT] Received 223 bytes for  from connection 6&#xD;
[Server CHAT] Player 87 Registered connection id 6&#xD;
[Server CHAT] Player 87 did a handshake and is authenticated on connection 6&#xD;
[Server CHAT] Sending chat log to player 87&#xD;
[Server CHAT] Processing packet HandshakePacket from player 87&#xD;
[Client SDK] Received Packet Game.Network.ClientPackets.ChatLogPacket&#xD;
[Server WORLD] Received 223 bytes for  from connection 4&#xD;
[Server WORLD] Player 87 Registered connection id 4&#xD;
[Server WORLD] Player 87 did a handshake and is authenticated on connection 4&#xD;
[Server WORLD] Processing packet HandshakePacket from player 87&#xD;
[Client SDK] Received Packet Game.Events.ServerEvents.GameSpecPacket&#xD;
[Client SDK] Initialized Specs&#xD;
[Client Game] Registered System EntityVisionSystem&#xD;
[Client Game] Registered System TileSystem&#xD;
[Client Game] Registered System MapSystem&#xD;
[Client Game] Registered System PlayerSystem&#xD;
[Client Game] Disabled delta compression&#xD;
[Client Game] World 16x16 ready&#xD;
[Client SDK] Sending JoinWorldMapCommand to WORLD&#xD;
[Server WORLD] Received 54 bytes for  from connection 4&#xD;
[Server WORLD] Processing packet JoinWorldMapCommand from player 87&#xD;
[Server Game] New player 87 joined the world&#xD;
[Server Game] Placing new player 87 on tile &lt;Tile (X=7 Y=6) Id=88&gt;&#xD;
[Server Game] &lt;Entity Player 87 Ct=5&gt; recruited &lt;Unit Spec=2/&gt;&#xD;
[Server Game] &lt;Entity Player 87 Ct=5&gt; moved unit &lt;Unit Spec=2/&gt; to party &lt;Entity Party 90 Ct=10&gt;&#xD;
[Server Game] Updating entity &lt;Entity Party 90 Ct=10&gt; vision range of 3&#xD;
[Server Game] MapLogic - Set &lt;Entity Party 90 Ct=11&gt; position to (X=6 Y=6)&#xD;
[Server Game] Placed new player &lt;Entity Player 87 Ct=5&gt; in &lt;Tile (X=7 Y=6) Id=88&gt;&#xD;
[Client SDK] Received Packet &lt;EntityUpdate Tile 88 Components=((X=7 Y=6) Spec=0)&gt;&#xD;
[Client SDK] Received entity update for &lt;Entity Tile 88 Ct=2&gt;&#xD;
[Client SDK] Received Packet &lt;EntityUpdate Tile 91 Components=((X=3 Y=4) Spec=0)&gt;&#xD;
[Client SDK] Received entity update for &lt;Entity Tile 91 Ct=2&gt;&#xD;
[Client SDK] Received Packet &lt;EntityUpdate Tile 92 Components=((X=3 Y=5) Spec=0)&gt;&#xD;
[Client SDK] Received entity update for &lt;Entity Tile 92 Ct=2&gt;&#xD;
[Client SDK] Received Packet &lt;EntityUpdate Tile 93 Components=((X=3 Y=6) Spec=0)&gt;&#xD;
[Client SDK] Received entity update for &lt;Entity Tile 93 Ct=2&gt;&#xD;
[Client SDK] Received Packet &lt;EntityUpdate Tile 94 Components=((X=3 Y=7) Spec=0)&gt;&#xD;
[Client SDK] Received entity update for &lt;Entity Tile 94 Ct=2&gt;&#xD;
[Client SDK] Received Packet &lt;EntityUpdate Tile 95 Components=((X=4 Y=3) Spec=0)&gt;&#xD;
[Client SDK] Received entity update for &lt;Entity Tile 95 Ct=2&gt;&#xD;
[Client SDK] Received Packet &lt;EntityUpdate Tile 96 Components=((X=4 Y=5) Spec=0)&gt;&#xD;
[Client SDK] Received entity update for &lt;Entity Tile 96 Ct=2&gt;&#xD;
[Client SDK] Received Packet &lt;EntityUpdate Tile 97 Components=((X=4 Y=6) Spec=0)&gt;&#xD;
[Client SDK] Received entity update for &lt;Entity Tile 97 Ct=2&gt;&#xD;
[Client SDK] Received Packet &lt;EntityUpdate Tile 98 Components=((X=4 Y=7) Spec=0)&gt;&#xD;
[Client SDK] Received entity update for &lt;Entity Tile 98 Ct=2&gt;&#xD;
[Client SDK] Received Packet &lt;EntityUpdate Tile 99 Components=((X=4 Y=9) Spec=0)&gt;&#xD;
[Client SDK] Received entity update for &lt;Entity Tile 99 Ct=2&gt;&#xD;
[Client SDK] Received Packet &lt;EntityUpdate Tile 100 Components=((X=5 Y=3) Spec=0)&gt;&#xD;
[Client SDK] Received entity update for &lt;Entity Tile 100 Ct=2&gt;&#xD;
[Client SDK] Received Packet &lt;EntityUpdate Tile 101 Components=((X=5 Y=4) Spec=0)&gt;&#xD;
[Client SDK] Received entity update for &lt;Entity Tile 101 Ct=2&gt;&#xD;
[Client SDK] Received Packet &lt;EntityUpdate Tile 102 Components=((X=5 Y=6) Spec=0)&gt;&#xD;
[Client SDK] Received entity update for &lt;Entity Tile 102 Ct=2&gt;&#xD;
[Client SDK] Received Packet &lt;EntityUpdate Tile 103 Components=((X=5 Y=7) Spec=0)&gt;&#xD;
[Client SDK] Received entity update for &lt;Entity Tile 103 Ct=2&gt;&#xD;
[Client SDK] Received Packet &lt;EntityUpdate Tile 104 Components=((X=5 Y=9) Spec=0)&gt;&#xD;
[Client SDK] Received entity update for &lt;Entity Tile 104 Ct=2&gt;&#xD;
[Client SDK] Received Packet &lt;EntityUpdate Tile 105 Components=((X=6 Y=3) Spec=0)&gt;&#xD;
[Client SDK] Received entity update for &lt;Entity Tile 105 Ct=2&gt;&#xD;
[Client SDK] Received Packet &lt;EntityUpdate Tile 106 Components=((X=6 Y=4) Spec=0)&gt;&#xD;
[Client SDK] Received entity update for &lt;Entity Tile 106 Ct=2&gt;&#xD;
[Client SDK] Received Packet &lt;EntityUpdate Tile 107 Components=((X=6 Y=5) Spec=0)&gt;&#xD;
[Client SDK] Received entity update for &lt;Entity Tile 107 Ct=2&gt;&#xD;
[Client SDK] Received Packet &lt;EntityUpdate Tile 108 Components=((X=6 Y=7) Spec=0)&gt;&#xD;
[Client SDK] Received entity update for &lt;Entity Tile 108 Ct=2&gt;&#xD;
[Client SDK] Received Packet &lt;EntityUpdate Tile 109 Components=((X=6 Y=9) Spec=0)&gt;&#xD;
[Client SDK] Received entity update for &lt;Entity Tile 109 Ct=2&gt;&#xD;
[Client SDK] Received Packet &lt;EntityUpdate Tile 110 Components=((X=7 Y=3) Spec=0)&gt;&#xD;
[Client SDK] Received entity update for &lt;Entity Tile 110 Ct=2&gt;&#xD;
[Client SDK] Received Packet &lt;EntityUpdate Tile 111 Components=((X=7 Y=4) Spec=0)&gt;&#xD;
[Client SDK] Received entity update for &lt;Entity Tile 111 Ct=2&gt;&#xD;
[Client SDK] Received Packet &lt;EntityUpdate Tile 112 Components=((X=7 Y=5) Spec=0)&gt;&#xD;
[Client SDK] Received entity update for &lt;Entity Tile 112 Ct=2&gt;&#xD;
[Client SDK] Received Packet &lt;EntityUpdate Tile 113 Components=((X=7 Y=9) Spec=0)&gt;&#xD;
[Client SDK] Received entity update for &lt;Entity Tile 113 Ct=2&gt;&#xD;
[Client SDK] Received Packet &lt;EntityUpdate Tile 114 Components=((X=9 Y=4) Spec=0)&gt;&#xD;
[Client SDK] Received entity update for &lt;Entity Tile 114 Ct=2&gt;&#xD;
[Client SDK] Received Packet &lt;EntityUpdate Tile 115 Components=((X=9 Y=5) Spec=0)&gt;&#xD;
[Client SDK] Received entity update for &lt;Entity Tile 115 Ct=2&gt;&#xD;
[Client SDK] Received Packet &lt;EntityUpdate Tile 116 Components=((X=9 Y=6) Spec=0)&gt;&#xD;
[Client SDK] Received entity update for &lt;Entity Tile 116 Ct=2&gt;&#xD;
[Client SDK] Received Packet &lt;EntityUpdate Tile 117 Components=((X=9 Y=7) Spec=0)&gt;&#xD;
[Client SDK] Received entity update for &lt;Entity Tile 117 Ct=2&gt;&#xD;
[Client SDK] Received Packet &lt;EntityUpdate Tile 35 Components=((X=3 Y=8) Spec=2),Game.Systems.Resources.TileResourceComponent&gt;&#xD;
[Client SDK] Received entity update for &lt;Entity Tile 35 Ct=2&gt;&#xD;
[Client SDK] Received Packet &lt;EntityUpdate Tile 22 Components=((X=4 Y=4) Spec=3),Game.Systems.Resources.TileResourceComponent&gt;&#xD;
[Client SDK] Received entity update for &lt;Entity Tile 22 Ct=2&gt;&#xD;
[Client SDK] Received Packet &lt;EntityUpdate Tile 37 Components=((X=4 Y=8) Spec=2),Game.Systems.Resources.TileResourceComponent&gt;&#xD;
[Client SDK] Received entity update for &lt;Entity Tile 37 Ct=2&gt;&#xD;
[Client SDK] Received Packet &lt;EntityUpdate Tile 23 Components=((X=5 Y=5) Spec=3),Game.Systems.Resources.TileResourceComponent&gt;&#xD;
[Client SDK] Received entity update for &lt;Entity Tile 23 Ct=2&gt;&#xD;
[Client SDK] Received Packet &lt;EntityUpdate Tile 39 Components=((X=5 Y=8) Spec=2),Game.Systems.Resources.TileResourceComponent&gt;&#xD;
[Client SDK] Received entity update for &lt;Entity Tile 39 Ct=2&gt;&#xD;
[Client SDK] Received Packet &lt;EntityUpdate Tile 24 Components=((X=6 Y=6) Spec=3),Game.Systems.Resources.TileResourceComponent&gt;&#xD;
[Client SDK] Received entity update for &lt;Entity Tile 24 Ct=2&gt;&#xD;
[Client SDK] Received Packet &lt;EntityUpdate Tile 41 Components=((X=6 Y=8) Spec=2),Game.Systems.Resources.TileResourceComponent&gt;&#xD;
[Client SDK] Received entity update for &lt;Entity Tile 41 Ct=2&gt;&#xD;
[Client SDK] Received Packet &lt;EntityUpdate Tile 25 Components=((X=7 Y=7) Spec=3),Game.Systems.Resources.TileResourceComponent&gt;&#xD;
[Client SDK] Received entity update for &lt;Entity Tile 25 Ct=2&gt;&#xD;
[Client SDK] Received Packet &lt;EntityUpdate Tile 43 Components=((X=7 Y=8) Spec=2),Game.Systems.Resources.TileResourceComponent&gt;&#xD;
[Client SDK] Received entity update for &lt;Entity Tile 43 Ct=2&gt;&#xD;
[Client SDK] Received Packet &lt;EntityUpdate Tile 52 Components=((X=8 Y=3) Spec=1),Game.Systems.Resources.TileResourceComponent&gt;&#xD;
[Client SDK] Received entity update for &lt;Entity Tile 52 Ct=2&gt;&#xD;
[Client SDK] Received Packet &lt;EntityUpdate Tile 54 Components=((X=8 Y=4) Spec=1),Game.Systems.Resources.TileResourceComponent&gt;&#xD;
[Client SDK] Received entity update for &lt;Entity Tile 54 Ct=2&gt;&#xD;
[Client SDK] Received Packet &lt;EntityUpdate Tile 56 Components=((X=8 Y=5) Spec=1),Game.Systems.Resources.TileResourceComponent&gt;&#xD;
[Client SDK] Received entity update for &lt;Entity Tile 56 Ct=2&gt;&#xD;
[Client SDK] Received Packet &lt;EntityUpdate Tile 58 Components=((X=8 Y=6) Spec=1),Game.Systems.Resources.TileResourceComponent&gt;&#xD;
[Client SDK] Received entity update for &lt;Entity Tile 58 Ct=2&gt;&#xD;
[Client SDK] Received Packet &lt;EntityUpdate Tile 60 Components=((X=8 Y=7) Spec=1),Game.Systems.Resources.TileResourceComponent&gt;&#xD;
[Client SDK] Received entity update for &lt;Entity Tile 60 Ct=2&gt;&#xD;
[Client SDK] Received Packet &lt;EntityUpdate Tile 72 Components=((X=8 Y=8) Spec=2),Game.Systems.Resources.TileResourceComponent&gt;&#xD;
[Client SDK] Received entity update for &lt;Entity Tile 72 Ct=2&gt;&#xD;
[Client SDK] Received Packet &lt;EntityUpdate Tile 73 Components=((X=8 Y=9) Spec=1),Game.Systems.Resources.TileResourceComponent&gt;&#xD;
[Client SDK] Received entity update for &lt;Entity Tile 73 Ct=2&gt;&#xD;
[Client SDK] Received Packet &lt;EntityUpdate Tile 74 Components=((X=9 Y=8) Spec=2),Game.Systems.Resources.TileResourceComponent&gt;&#xD;
[Client SDK] Received entity update for &lt;Entity Tile 74 Ct=2&gt;&#xD;
[Client SDK] Received Packet &lt;EntityUpdate Party 90 Components=&lt;BattleGroup Units=&lt;Unit Spec=2/&gt; BattleId=0&gt;,&lt;PartyComponent Index=0&gt;,&lt;EntityVisionComponent Sight=3&gt;,&lt;EntityMovementComponent Course=0&gt;,&lt;EntityMovementComponent MoveDelay=1&gt;,&lt;Cargo Weight=0/100 S1=&lt;Resource Id=0 Amt=0&gt; S2=&lt;Resource Id=0 Amt=0&gt; S3=&lt;Resource Id=0 Amt=0&gt;&gt;,&lt;MapPlacementComponent (X=6 Y=6)&gt;&gt;&#xD;
[Client SDK] Received entity update for &lt;Entity Party 90 Ct=9&gt;&#xD;
[Client Game] Updating entity &lt;Entity Party 90 Ct=11&gt; vision range of 3&#xD;
[Client Game] MapLogic - Set &lt;Entity Party 90 Ct=11&gt; position to (X=6 Y=6)&#xD;
[Client Game] Updating entity &lt;Entity Party 90 Ct=11&gt; vision range of 3&#xD;
[Client SDK] Sending request to move party &lt;Entity Party 90 Ct=11&gt; 1 tiles&#xD;
[Client SDK] Sending MoveEntityCommand to WORLD&#xD;
[Server WORLD] Received 320 bytes for  from connection 4&#xD;
[Server WORLD] Processing packet MoveEntityCommand from player 87&#xD;
[Server Game] &lt;Player id=87&gt; requesting 90 to move 1 tiles&#xD;
[Server Game] Updating entity &lt;Entity Party 90 Ct=12&gt; vision range of 3&#xD;
[Server Game] MapLogic - Set &lt;Entity Party 90 Ct=12&gt; position to (X=6 Y=6)&#xD;
[Server Game] &lt;Entity Party 90 Ct=12&gt; starting harvesting on &lt;Tile (X=6 Y=6) Id=24&gt;&#xD;
[Client SDK] Received Packet &lt;EntityUpdate Party 90 Components=&lt;EntityMovementComponent Course=118&gt;&gt;&#xD;
[Client SDK] Received entity update for &lt;Entity Party 90 Ct=11&gt;&#xD;
[Client SDK] Received Packet &lt;EntityUpdate Tile 24 Components=Game.Systems.Resources.TileResourceComponent&gt;&#xD;
[Client SDK] Received entity update for &lt;Entity Tile 24 Ct=5&gt;&#xD;
[Client SDK] Received Packet &lt;EntityUpdate Party 90 Components=&lt;PreviousMapPlacement (X=6 Y=6)&gt;,&lt;MapPlacementComponent (X=6 Y=6)&gt;,Game.Systems.Resources.HarvestingComponent,&lt;EntityMovementComponent Course=0&gt;&gt;&#xD;
[Client SDK] Received entity update for &lt;Entity Party 90 Ct=11&gt;&#xD;
[Client SDK] Sending StopHarvestingCommand to WORLD&#xD;
[Server WORLD] Received 151 bytes for  from connection 4&#xD;
[Server WORLD] Processing packet StopHarvestingCommand from player 87&#xD;
[Server Game] Removed HarvestingComponent from &lt;Entity Party 90 Ct=12&gt;&#xD;
[Server Game] Added &lt;Resource Id=0 Amt=1&gt; to cargo &lt;Cargo Weight=5/100 S1=&lt;Resource Id=0 Amt=1&gt; S2=&lt;Resource Id=0 Amt=0&gt; S3=&lt;Resource Id=0 Amt=0&gt;&gt; from &lt;Entity Party 90 Ct=12&gt;&#xD;
[Server Game] &lt;Entity Party 90 Ct=12&gt; finished harvesting on &lt;Tile (X=6 Y=6) Id=24&gt; and got 1xLogs&#xD;
[Client SDK] Received Packet &lt;EntityUpdate Tile 24 Components=Game.Systems.Resources.TileResourceComponent&gt;&#xD;
[Client SDK] Received entity update for &lt;Entity Tile 24 Ct=5&gt;&#xD;
[Client SDK] Received Packet &lt;EntityUpdate Party 90 Components=&lt;Cargo Weight=5/100 S1=&lt;Resource Id=0 Amt=0&gt; S2=&lt;Resource Id=0 Amt=0&gt; S3=&lt;Resource Id=0 Amt=0&gt;&gt;&gt;&#xD;
[Client SDK] Received entity update for &lt;Entity Party 90 Ct=12&gt;</StdOut>
        <StdErr>[Server WORLD] Error disconnecting connection 1 - unknown user&#xD;
&#xD;
[Server ACCOUNT] Error disconnecting connection 2 - unknown user&#xD;
&#xD;
[Server CHAT] Error disconnecting connection 3 - unknown user</StdErr>
        <ErrorInfo>
          <Message>  Expected: True&#xD;
  But was:  False&#xD;
</Message>
          <StackTrace>   at SmokeTests.SmokeTest.StopHarvesting(IEntity party) in C:\Users\gabri\Desktop\LisClone\Lisergy-RTS\LisergyServer\ServerTests\Integration\SanityTest.cs:line 304&#xD;
   at SmokeTests.SmokeTest.SmokeTestFlow() in C:\Users\gabri\Desktop\LisClone\Lisergy-RTS\LisergyServer\ServerTests\Integration\SanityTest.cs:line 80&#xD;
   at NUnit.Framework.Internal.TaskAwaitAdapter.GenericAdapter`1.BlockUntilCompleted()&#xD;
   at NUnit.Framework.Internal.MessagePumpStrategy.NoMessagePumpStrategy.WaitForCompletion(AwaitAdapter awaiter)&#xD;
   at NUnit.Framework.Internal.AsyncToSyncAdapter.Await(Func`1 invoke)&#xD;
   at NUnit.Framework.Internal.Commands.TestMethodCommand.RunTestMethod(TestExecutionContext context)&#xD;
   at NUnit.Framework.Internal.Commands.TestMethodCommand.Execute(TestExecutionContext context)&#xD;
   at NUnit.Framework.Internal.Commands.BeforeTestCommand.Execute(TestExecutionContext context)&#xD;
   at NUnit.Framework.Internal.Execution.SimpleWorkItem.&lt;&gt;c__DisplayClass4_0.&lt;PerformWork&gt;b__0()&#xD;
   at NUnit.Framework.Internal.ContextUtils.&lt;&gt;c__DisplayClass1_0`1.&lt;DoIsolated&gt;b__0(Object _)&#xD;

1)    at SmokeTests.SmokeTest.StopHarvesting(IEntity party) in C:\Users\gabri\Desktop\LisClone\Lisergy-RTS\LisergyServer\ServerTests\Integration\SanityTest.cs:line 304&#xD;

</StackTrace>
        </ErrorInfo>
      </Output>
    </UnitTestResult>
    <UnitTestResult executionId="37c0e066-fe40-44fb-aaaa-9a9ae0024fbd" testId="71669445-cc1b-2356-34f5-a6350b6783f2" testName="TestChangingCourse" computerName="BREADMAKER" duration="00:00:00.0162010" startTime="2025-03-18T09:01:34.8636404+00:00" endTime="2025-03-18T09:01:34.8798408+00:00" testType="13cdc9d9-ddb5-4fa4-a97d-d965ccfc6d4b" outcome="Passed" testListId="8c84fa94-04c1-424b-9868-57a2d4851a1d" relativeResultsDirectory="37c0e066-fe40-44fb-aaaa-9a9ae0024fbd" />
    <UnitTestResult executionId="e43a09f5-0357-4b7f-b7ad-32a571e9ba97" testId="bee3d052-abd5-47b9-70f0-01880de2bbe4" testName="TestUnitTileReference" computerName="BREADMAKER" duration="00:00:00.0080780" startTime="2025-03-18T09:01:35.3388849+00:00" endTime="2025-03-18T09:01:35.3469620+00:00" testType="13cdc9d9-ddb5-4fa4-a97d-d965ccfc6d4b" outcome="Passed" testListId="8c84fa94-04c1-424b-9868-57a2d4851a1d" relativeResultsDirectory="e43a09f5-0357-4b7f-b7ad-32a571e9ba97" />
    <UnitTestResult executionId="7f6fe972-4057-41d6-9979-3b3ccac705a1" testId="0bafda76-4a02-c7d4-04a6-4da0a185896f" testName="TestAddingStaticEntity" computerName="BREADMAKER" duration="00:00:00.0071000" startTime="2025-03-18T09:01:35.2275882+00:00" endTime="2025-03-18T09:01:35.2346877+00:00" testType="13cdc9d9-ddb5-4fa4-a97d-d965ccfc6d4b" outcome="Passed" testListId="8c84fa94-04c1-424b-9868-57a2d4851a1d" relativeResultsDirectory="7f6fe972-4057-41d6-9979-3b3ccac705a1" />
    <UnitTestResult executionId="1c1097d8-6b50-48d4-a1e1-a8e77ae06ab2" testId="e2fdfade-d249-9d99-92de-3e344e324c95" testName="CheckEqual" computerName="BREADMAKER" duration="00:00:00.0000480" startTime="2025-03-18T09:01:34.5654222+00:00" endTime="2025-03-18T09:01:34.5654699+00:00" testType="13cdc9d9-ddb5-4fa4-a97d-d965ccfc6d4b" outcome="Passed" testListId="8c84fa94-04c1-424b-9868-57a2d4851a1d" relativeResultsDirectory="1c1097d8-6b50-48d4-a1e1-a8e77ae06ab2" />
    <UnitTestResult executionId="e1f45ab9-31ef-4836-9988-0acc3cc23c99" testId="3b8e7626-6708-82d7-a8af-d3f3825b5e26" testName="TestNextTask" computerName="BREADMAKER" duration="00:00:00.0067460" startTime="2025-03-18T09:01:35.0658745+00:00" endTime="2025-03-18T09:01:35.0726201+00:00" testType="13cdc9d9-ddb5-4fa4-a97d-d965ccfc6d4b" outcome="Passed" testListId="8c84fa94-04c1-424b-9868-57a2d4851a1d" relativeResultsDirectory="e1f45ab9-31ef-4836-9988-0acc3cc23c99" />
    <UnitTestResult executionId="50916840-b9ad-4852-a656-aa0c09b4f960" testId="d54db062-a893-f4dd-45cf-ce89d5ed6825" testName="TestInitialBuilding" computerName="BREADMAKER" duration="00:00:00.0136630" startTime="2025-03-18T09:01:34.2319847+00:00" endTime="2025-03-18T09:01:34.2456469+00:00" testType="13cdc9d9-ddb5-4fa4-a97d-d965ccfc6d4b" outcome="Passed" testListId="8c84fa94-04c1-424b-9868-57a2d4851a1d" relativeResultsDirectory="50916840-b9ad-4852-a656-aa0c09b4f960" />
    <UnitTestResult executionId="3ed26e3b-d8ab-4fd3-88e1-15e9eb2bdbf7" testId="7a62a4fc-3d4e-bf6b-9f72-335c97c09136" testName="TestMoveOutsidePlayerVision" computerName="BREADMAKER" duration="00:00:00.0185660" startTime="2025-03-18T09:01:34.9122724+00:00" endTime="2025-03-18T09:01:34.9308382+00:00" testType="13cdc9d9-ddb5-4fa4-a97d-d965ccfc6d4b" outcome="Passed" testListId="8c84fa94-04c1-424b-9868-57a2d4851a1d" relativeResultsDirectory="3ed26e3b-d8ab-4fd3-88e1-15e9eb2bdbf7" />
    <UnitTestResult executionId="afe126b9-ecb4-4e63-a266-2c7ef749f213" testId="fb424e2f-1b62-f6ee-b60f-74480a48cbf9" testName="TestBasicSerialization" computerName="BREADMAKER" duration="00:00:00.0468040" startTime="2025-03-18T09:01:35.1735108+00:00" endTime="2025-03-18T09:01:35.2203144+00:00" testType="13cdc9d9-ddb5-4fa4-a97d-d965ccfc6d4b" outcome="Passed" testListId="8c84fa94-04c1-424b-9868-57a2d4851a1d" relativeResultsDirectory="afe126b9-ecb4-4e63-a266-2c7ef749f213" />
    <UnitTestResult executionId="d60970c1-8089-4614-b3a1-85c6e3405e2b" testId="eb90f381-21b1-baa6-0022-65bdebb8d149" testName="TestRemovedBuildingTileReference" computerName="BREADMAKER" duration="00:00:00.0088570" startTime="2025-03-18T09:01:34.2691702+00:00" endTime="2025-03-18T09:01:34.2780265+00:00" testType="13cdc9d9-ddb5-4fa4-a97d-d965ccfc6d4b" outcome="Passed" testListId="8c84fa94-04c1-424b-9868-57a2d4851a1d" relativeResultsDirectory="d60970c1-8089-4614-b3a1-85c6e3405e2b" />
    <UnitTestResult executionId="178bdd3c-c061-4ef7-b62c-49e92938c628" testId="2f1380bf-036f-ddf0-a5fd-ba05f7827993" testName="TestHarvestingSync" computerName="BREADMAKER" duration="00:00:00.0160900" startTime="2025-03-18T09:01:35.3663120+00:00" endTime="2025-03-18T09:01:35.3824011+00:00" testType="13cdc9d9-ddb5-4fa4-a97d-d965ccfc6d4b" outcome="Passed" testListId="8c84fa94-04c1-424b-9868-57a2d4851a1d" relativeResultsDirectory="178bdd3c-c061-4ef7-b62c-49e92938c628">
      <Output>
        <StdOut>[Server] Registered System ConstructionSystem&#xD;
[Server] Registered System BattleGroupSystem&#xD;
[Server] Registered System DungeonSystem&#xD;
[Server] Registered System DeltaCompressionSystem&#xD;
[Server] Registered System EntityVisionSystem&#xD;
[Server] Registered System MovementSystem&#xD;
[Server] Registered System PartySystem&#xD;
[Server] Registered System TileSystem&#xD;
[Server] Registered System MapSystem&#xD;
[Server] Registered System PlayerSystem&#xD;
[Server] Registered System HarvestingSystem&#xD;
[Server] Registered System ResourceSystem&#xD;
[Server] Registered System CargoSystem&#xD;
[Server] Populating world seed 12345 20x20 for 2147483647 players&#xD;
[Server] MapLogic - Set &lt;Entity Dungeon 85 Ct=7&gt; position to (X=1 Y=1)&#xD;
[Server] MapLogic - Set &lt;Entity Dungeon 109 Ct=7&gt; position to (X=7 Y=11)&#xD;
[Server] MapLogic - Set &lt;Entity Dungeon 127 Ct=7&gt; position to (X=12 Y=7)&#xD;
[Server] MapLogic - Set &lt;Entity Dungeon 152 Ct=7&gt; position to (X=12 Y=11)&#xD;
[Server] World 16x16 ready&#xD;
[Server] New player 83 joined the world&#xD;
[Server] Placing new player 83 on tile &lt;Tile (X=7 Y=6) Id=169&gt;&#xD;
[Server] &lt;Entity Player 83 Ct=5&gt; recruited &lt;Unit Spec=2/&gt;&#xD;
[Server] &lt;Entity Player 83 Ct=5&gt; moved unit &lt;Unit Spec=2/&gt; to party &lt;Entity Party 171 Ct=10&gt;&#xD;
[Server] Updating entity &lt;Entity Party 171 Ct=10&gt; vision range of 3&#xD;
[Server] MapLogic - Set &lt;Entity Party 171 Ct=11&gt; position to (X=6 Y=6)&#xD;
[Server] Placed new player &lt;Entity Player 83 Ct=5&gt; in &lt;Tile (X=7 Y=6) Id=169&gt;&#xD;
[Client SDK] Received Packet Game.Events.ServerEvents.LoginResultPacket&#xD;
[Client SDK] Logged In - Sending Handshake to servers&#xD;
[Client SDK] Sending HandshakePacket to WORLD&#xD;
[Client SDK] Sending HandshakePacket to CHAT&#xD;
[Client SDK] Received Packet Game.Events.ServerEvents.GameSpecPacket&#xD;
[Client SDK] Initialized Specs&#xD;
[Client Game] Registered System EntityVisionSystem&#xD;
[Client Game] Registered System TileSystem&#xD;
[Client Game] Registered System MapSystem&#xD;
[Client Game] Registered System PlayerSystem&#xD;
[Client Game] Disabled delta compression&#xD;
[Client Game] World 16x16 ready&#xD;
[Client SDK] Sending JoinWorldMapCommand to WORLD&#xD;
[Client SDK] Received Packet &lt;EntityUpdate Tile 172 Components=((X=3 Y=4) Spec=0)&gt;&#xD;
[Client SDK] Received entity update for &lt;Entity Tile 172 Ct=2&gt;&#xD;
[Client SDK] Received Packet &lt;EntityUpdate Tile 173 Components=((X=3 Y=5) Spec=0)&gt;&#xD;
[Client SDK] Received entity update for &lt;Entity Tile 173 Ct=2&gt;&#xD;
[Client SDK] Received Packet &lt;EntityUpdate Tile 174 Components=((X=3 Y=6) Spec=0)&gt;&#xD;
[Client SDK] Received entity update for &lt;Entity Tile 174 Ct=2&gt;&#xD;
[Client SDK] Received Packet &lt;EntityUpdate Tile 175 Components=((X=3 Y=7) Spec=0)&gt;&#xD;
[Client SDK] Received entity update for &lt;Entity Tile 175 Ct=2&gt;&#xD;
[Client SDK] Received Packet &lt;EntityUpdate Tile 117 Components=((X=3 Y=8) Spec=2),Game.Systems.Resources.TileResourceComponent&gt;&#xD;
[Client SDK] Received entity update for &lt;Entity Tile 117 Ct=2&gt;&#xD;
[Client SDK] Received Packet &lt;EntityUpdate Tile 176 Components=((X=4 Y=3) Spec=0)&gt;&#xD;
[Client SDK] Received entity update for &lt;Entity Tile 176 Ct=2&gt;&#xD;
[Client SDK] Received Packet &lt;EntityUpdate Tile 104 Components=((X=4 Y=4) Spec=3),Game.Systems.Resources.TileResourceComponent&gt;&#xD;
[Client SDK] Received entity update for &lt;Entity Tile 104 Ct=2&gt;&#xD;
[Client SDK] Received Packet &lt;EntityUpdate Tile 177 Components=((X=4 Y=5) Spec=0)&gt;&#xD;
[Client SDK] Received entity update for &lt;Entity Tile 177 Ct=2&gt;&#xD;
[Client SDK] Received Packet &lt;EntityUpdate Tile 178 Components=((X=4 Y=6) Spec=0)&gt;&#xD;
[Client SDK] Received entity update for &lt;Entity Tile 178 Ct=2&gt;&#xD;
[Client SDK] Received Packet &lt;EntityUpdate Tile 179 Components=((X=4 Y=7) Spec=0)&gt;&#xD;
[Client SDK] Received entity update for &lt;Entity Tile 179 Ct=2&gt;&#xD;
[Client SDK] Received Packet &lt;EntityUpdate Tile 119 Components=((X=4 Y=8) Spec=2),Game.Systems.Resources.TileResourceComponent&gt;&#xD;
[Client SDK] Received entity update for &lt;Entity Tile 119 Ct=2&gt;&#xD;
[Client SDK] Received Packet &lt;EntityUpdate Tile 180 Components=((X=4 Y=9) Spec=0)&gt;&#xD;
[Client SDK] Received entity update for &lt;Entity Tile 180 Ct=2&gt;&#xD;
[Client SDK] Received Packet &lt;EntityUpdate Tile 181 Components=((X=5 Y=3) Spec=0)&gt;&#xD;
[Client SDK] Received entity update for &lt;Entity Tile 181 Ct=2&gt;&#xD;
[Client SDK] Received Packet &lt;EntityUpdate Tile 182 Components=((X=5 Y=4) Spec=0)&gt;&#xD;
[Client SDK] Received entity update for &lt;Entity Tile 182 Ct=2&gt;&#xD;
[Client SDK] Received Packet &lt;EntityUpdate Tile 105 Components=((X=5 Y=5) Spec=3),Game.Systems.Resources.TileResourceComponent&gt;&#xD;
[Client SDK] Received entity update for &lt;Entity Tile 105 Ct=2&gt;&#xD;
[Client SDK] Received Packet &lt;EntityUpdate Tile 183 Components=((X=5 Y=6) Spec=0)&gt;&#xD;
[Client SDK] Received entity update for &lt;Entity Tile 183 Ct=2&gt;&#xD;
[Client SDK] Received Packet &lt;EntityUpdate Tile 184 Components=((X=5 Y=7) Spec=0)&gt;&#xD;
[Client SDK] Received entity update for &lt;Entity Tile 184 Ct=2&gt;&#xD;
[Client SDK] Received Packet &lt;EntityUpdate Tile 121 Components=((X=5 Y=8) Spec=2),Game.Systems.Resources.TileResourceComponent&gt;&#xD;
[Client SDK] Received entity update for &lt;Entity Tile 121 Ct=2&gt;&#xD;
[Client SDK] Received Packet &lt;EntityUpdate Tile 185 Components=((X=5 Y=9) Spec=0)&gt;&#xD;
[Client SDK] Received entity update for &lt;Entity Tile 185 Ct=2&gt;&#xD;
[Client SDK] Received Packet &lt;EntityUpdate Tile 186 Components=((X=6 Y=3) Spec=0)&gt;&#xD;
[Client SDK] Received entity update for &lt;Entity Tile 186 Ct=2&gt;&#xD;
[Client SDK] Received Packet &lt;EntityUpdate Tile 187 Components=((X=6 Y=4) Spec=0)&gt;&#xD;
[Client SDK] Received entity update for &lt;Entity Tile 187 Ct=2&gt;&#xD;
[Client SDK] Received Packet &lt;EntityUpdate Tile 188 Components=((X=6 Y=5) Spec=0)&gt;&#xD;
[Client SDK] Received entity update for &lt;Entity Tile 188 Ct=2&gt;&#xD;
[Client SDK] Received Packet &lt;EntityUpdate Tile 106 Components=((X=6 Y=6) Spec=3),Game.Systems.Resources.TileResourceComponent&gt;&#xD;
[Client SDK] Received entity update for &lt;Entity Tile 106 Ct=2&gt;&#xD;
[Client SDK] Received Packet &lt;EntityUpdate Tile 189 Components=((X=6 Y=7) Spec=0)&gt;&#xD;
[Client SDK] Received entity update for &lt;Entity Tile 189 Ct=2&gt;&#xD;
[Client SDK] Received Packet &lt;EntityUpdate Tile 123 Components=((X=6 Y=8) Spec=2),Game.Systems.Resources.TileResourceComponent&gt;&#xD;
[Client SDK] Received entity update for &lt;Entity Tile 123 Ct=2&gt;&#xD;
[Client SDK] Received Packet &lt;EntityUpdate Tile 190 Components=((X=6 Y=9) Spec=0)&gt;&#xD;
[Client SDK] Received entity update for &lt;Entity Tile 190 Ct=2&gt;&#xD;
[Client SDK] Received Packet &lt;EntityUpdate Tile 191 Components=((X=7 Y=3) Spec=0)&gt;&#xD;
[Client SDK] Received entity update for &lt;Entity Tile 191 Ct=2&gt;&#xD;
[Client SDK] Received Packet &lt;EntityUpdate Tile 192 Components=((X=7 Y=4) Spec=0)&gt;&#xD;
[Client SDK] Received entity update for &lt;Entity Tile 192 Ct=2&gt;&#xD;
[Client SDK] Received Packet &lt;EntityUpdate Tile 193 Components=((X=7 Y=5) Spec=0)&gt;&#xD;
[Client SDK] Received entity update for &lt;Entity Tile 193 Ct=2&gt;&#xD;
[Client SDK] Received Packet &lt;EntityUpdate Tile 169 Components=((X=7 Y=6) Spec=0)&gt;&#xD;
[Client SDK] Received entity update for &lt;Entity Tile 169 Ct=2&gt;&#xD;
[Client SDK] Received Packet &lt;EntityUpdate Tile 107 Components=((X=7 Y=7) Spec=3),Game.Systems.Resources.TileResourceComponent&gt;&#xD;
[Client SDK] Received entity update for &lt;Entity Tile 107 Ct=2&gt;&#xD;
[Client SDK] Received Packet &lt;EntityUpdate Tile 125 Components=((X=7 Y=8) Spec=2),Game.Systems.Resources.TileResourceComponent&gt;&#xD;
[Client SDK] Received entity update for &lt;Entity Tile 125 Ct=2&gt;&#xD;
[Client SDK] Received Packet &lt;EntityUpdate Tile 194 Components=((X=7 Y=9) Spec=0)&gt;&#xD;
[Client SDK] Received entity update for &lt;Entity Tile 194 Ct=2&gt;&#xD;
[Client SDK] Received Packet &lt;EntityUpdate Tile 134 Components=((X=8 Y=3) Spec=1),Game.Systems.Resources.TileResourceComponent&gt;&#xD;
[Client SDK] Received entity update for &lt;Entity Tile 134 Ct=2&gt;&#xD;
[Client SDK] Received Packet &lt;EntityUpdate Tile 136 Components=((X=8 Y=4) Spec=1),Game.Systems.Resources.TileResourceComponent&gt;&#xD;
[Client SDK] Received entity update for &lt;Entity Tile 136 Ct=2&gt;&#xD;
[Client SDK] Received Packet &lt;EntityUpdate Tile 138 Components=((X=8 Y=5) Spec=1),Game.Systems.Resources.TileResourceComponent&gt;&#xD;
[Client SDK] Received entity update for &lt;Entity Tile 138 Ct=2&gt;&#xD;
[Client SDK] Received Packet &lt;EntityUpdate Tile 140 Components=((X=8 Y=6) Spec=1),Game.Systems.Resources.TileResourceComponent&gt;&#xD;
[Client SDK] Received entity update for &lt;Entity Tile 140 Ct=2&gt;&#xD;
[Client SDK] Received Packet &lt;EntityUpdate Tile 142 Components=((X=8 Y=7) Spec=1),Game.Systems.Resources.TileResourceComponent&gt;&#xD;
[Client SDK] Received entity update for &lt;Entity Tile 142 Ct=2&gt;&#xD;
[Client SDK] Received Packet &lt;EntityUpdate Tile 154 Components=((X=8 Y=8) Spec=2),Game.Systems.Resources.TileResourceComponent&gt;&#xD;
[Client SDK] Received entity update for &lt;Entity Tile 154 Ct=2&gt;&#xD;
[Client SDK] Received Packet &lt;EntityUpdate Tile 155 Components=((X=8 Y=9) Spec=1),Game.Systems.Resources.TileResourceComponent&gt;&#xD;
[Client SDK] Received entity update for &lt;Entity Tile 155 Ct=2&gt;&#xD;
[Client SDK] Received Packet &lt;EntityUpdate Tile 195 Components=((X=9 Y=4) Spec=0)&gt;&#xD;
[Client SDK] Received entity update for &lt;Entity Tile 195 Ct=2&gt;&#xD;
[Client SDK] Received Packet &lt;EntityUpdate Tile 196 Components=((X=9 Y=5) Spec=0)&gt;&#xD;
[Client SDK] Received entity update for &lt;Entity Tile 196 Ct=2&gt;&#xD;
[Client SDK] Received Packet &lt;EntityUpdate Tile 197 Components=((X=9 Y=6) Spec=0)&gt;&#xD;
[Client SDK] Received entity update for &lt;Entity Tile 197 Ct=2&gt;&#xD;
[Client SDK] Received Packet &lt;EntityUpdate Tile 198 Components=((X=9 Y=7) Spec=0)&gt;&#xD;
[Client SDK] Received entity update for &lt;Entity Tile 198 Ct=2&gt;&#xD;
[Client SDK] Received Packet &lt;EntityUpdate Tile 156 Components=((X=9 Y=8) Spec=2),Game.Systems.Resources.TileResourceComponent&gt;&#xD;
[Client SDK] Received entity update for &lt;Entity Tile 156 Ct=2&gt;&#xD;
[Client SDK] Received Packet &lt;EntityUpdate Party 171 Components=&lt;BattleGroup Units=&lt;Unit Spec=2/&gt; BattleId=0&gt;,&lt;PartyComponent Index=0&gt;,&lt;EntityVisionComponent Sight=3&gt;,&lt;EntityMovementComponent Course=0&gt;,&lt;EntityMovementComponent MoveDelay=1&gt;,&lt;Cargo Weight=0/100 S1=&lt;Resource Id=0 Amt=0&gt; S2=&lt;Resource Id=0 Amt=0&gt; S3=&lt;Resource Id=0 Amt=0&gt;&gt;,&lt;MapPlacementComponent (X=6 Y=6)&gt;&gt;&#xD;
[Client SDK] Received entity update for &lt;Entity Party 171 Ct=9&gt;&#xD;
[Client Game] Updating entity &lt;Entity Party 171 Ct=11&gt; vision range of 3&#xD;
[Client Game] MapLogic - Set &lt;Entity Party 171 Ct=11&gt; position to (X=6 Y=6)&#xD;
[Client Game] Updating entity &lt;Entity Party 171 Ct=11&gt; vision range of 3&#xD;
[Server] Updating entity &lt;Entity Party 171 Ct=12&gt; vision range of 3&#xD;
[Server] MapLogic - Set &lt;Entity Party 171 Ct=12&gt; position to (X=4 Y=4)&#xD;
[Server] &lt;Entity Party 171 Ct=12&gt; starting harvesting on &lt;Tile (X=4 Y=4) Id=104&gt;&#xD;
[Client SDK] Received Packet &lt;EntityUpdate Tile 104 Components=((X=4 Y=4) Spec=3),Game.Systems.Resources.TileResourceComponent&gt;&#xD;
[Client SDK] Received entity update for &lt;Entity Tile 104 Ct=4&gt;&#xD;
[Client SDK] Received Packet &lt;EntityUpdate Party 171 Components=&lt;BattleGroup Units=&lt;Unit Spec=2/&gt; BattleId=0&gt;,&lt;PartyComponent Index=0&gt;,&lt;EntityVisionComponent Sight=3&gt;,&lt;EntityMovementComponent Course=0&gt;,&lt;EntityMovementComponent MoveDelay=1&gt;,&lt;Cargo Weight=0/100 S1=&lt;Resource Id=0 Amt=0&gt; S2=&lt;Resource Id=0 Amt=0&gt; S3=&lt;Resource Id=0 Amt=0&gt;&gt;,&lt;MapPlacementComponent (X=4 Y=4)&gt;,&lt;PreviousMapPlacement (X=6 Y=6)&gt;,Game.Systems.Resources.HarvestingComponent&gt;&#xD;
[Client SDK] Received entity update for &lt;Entity Party 171 Ct=11&gt;</StdOut>
      </Output>
    </UnitTestResult>
    <UnitTestResult executionId="0862f185-9068-45ba-adb8-e74847e376d7" testId="95df4b54-d624-6411-1bb2-5de2f772973a" testName="TestBattleTrack" computerName="BREADMAKER" duration="00:00:00.0310580" startTime="2025-03-18T09:01:34.1857238+00:00" endTime="2025-03-18T09:01:34.2167817+00:00" testType="13cdc9d9-ddb5-4fa4-a97d-d965ccfc6d4b" outcome="Passed" testListId="8c84fa94-04c1-424b-9868-57a2d4851a1d" relativeResultsDirectory="0862f185-9068-45ba-adb8-e74847e376d7" />
    <UnitTestResult executionId="e0bf3b6f-b43f-463b-aa60-e860f4815dce" testId="3d9309e2-4a95-b1a5-6945-9cb67dbba865" testName="TestDungeonInitialization" computerName="BREADMAKER" duration="00:00:00.0068310" startTime="2025-03-18T09:01:34.4244799+00:00" endTime="2025-03-18T09:01:34.4313106+00:00" testType="13cdc9d9-ddb5-4fa4-a97d-d965ccfc6d4b" outcome="Passed" testListId="8c84fa94-04c1-424b-9868-57a2d4851a1d" relativeResultsDirectory="e0bf3b6f-b43f-463b-aa60-e860f4815dce" />
    <UnitTestResult executionId="fe335c7f-69ad-4f5c-a69a-1ddf8b9d125f" testId="12214ef2-3023-b48c-2127-d2e142b4a2b3" testName="TestTileUniqueIds" computerName="BREADMAKER" duration="00:00:00.0071130" startTime="2025-03-18T09:01:35.2882914+00:00" endTime="2025-03-18T09:01:35.2954044+00:00" testType="13cdc9d9-ddb5-4fa4-a97d-d965ccfc6d4b" outcome="Passed" testListId="8c84fa94-04c1-424b-9868-57a2d4851a1d" relativeResultsDirectory="fe335c7f-69ad-4f5c-a69a-1ddf8b9d125f" />
    <UnitTestResult executionId="9d0fae10-d094-46cf-9d69-f87a7f645473" testId="e8e23019-a604-bc03-9697-f4106d474362" testName="TestPartyStatusUpdatedAfterBattle" computerName="BREADMAKER" duration="00:00:00.0108720" startTime="2025-03-18T09:01:35.0016467+00:00" endTime="2025-03-18T09:01:35.0125188+00:00" testType="13cdc9d9-ddb5-4fa4-a97d-d965ccfc6d4b" outcome="Passed" testListId="8c84fa94-04c1-424b-9868-57a2d4851a1d" relativeResultsDirectory="9d0fae10-d094-46cf-9d69-f87a7f645473" />
    <UnitTestResult executionId="40e62b2e-3375-40e9-939f-54b9fdedc760" testId="afd00463-341c-659c-2306-99aa2715566e" testName="TestJoinInitialDataEventsSent" computerName="BREADMAKER" duration="00:00:00.0046120" startTime="2025-03-18T09:01:34.7173014+00:00" endTime="2025-03-18T09:01:34.7219126+00:00" testType="13cdc9d9-ddb5-4fa4-a97d-d965ccfc6d4b" outcome="Passed" testListId="8c84fa94-04c1-424b-9868-57a2d4851a1d" relativeResultsDirectory="40e62b2e-3375-40e9-939f-54b9fdedc760" />
    <UnitTestResult executionId="bfb47f00-460c-4318-a2ab-ddc23fd082ee" testId="a76832fd-f59e-7a54-5bb1-1ffdd2a48c7a" testName="TestDeadDontAct" computerName="BREADMAKER" duration="00:00:00.1013260" startTime="2025-03-18T09:01:34.0056496+00:00" endTime="2025-03-18T09:01:34.1069013+00:00" testType="13cdc9d9-ddb5-4fa4-a97d-d965ccfc6d4b" outcome="Passed" testListId="8c84fa94-04c1-424b-9868-57a2d4851a1d" relativeResultsDirectory="bfb47f00-460c-4318-a2ab-ddc23fd082ee" />
    <UnitTestResult executionId="93f74e45-6101-4d3b-9008-f7b856950dcf" testId="b41c198b-6557-0f12-f9fe-74e2aca31a83" testName="TestInitialUnit" computerName="BREADMAKER" duration="00:00:00.0098289" startTime="2025-03-18T09:01:35.3036408+00:00" endTime="2025-03-18T09:01:35.3134694+00:00" testType="13cdc9d9-ddb5-4fa4-a97d-d965ccfc6d4b" outcome="Passed" testListId="8c84fa94-04c1-424b-9868-57a2d4851a1d" relativeResultsDirectory="93f74e45-6101-4d3b-9008-f7b856950dcf" />
    <UnitTestResult executionId="1dcd6436-3899-44fa-8439-4c8bcc7af51f" testId="1faef18b-ae6f-beba-f185-e5923b0a0251" testName="TestDebugMode" computerName="BREADMAKER" duration="00:00:00.0002840" startTime="2025-03-18T09:01:34.5660278+00:00" endTime="2025-03-18T09:01:34.5663114+00:00" testType="13cdc9d9-ddb5-4fa4-a97d-d965ccfc6d4b" outcome="Passed" testListId="8c84fa94-04c1-424b-9868-57a2d4851a1d" relativeResultsDirectory="1dcd6436-3899-44fa-8439-4c8bcc7af51f" />
    <UnitTestResult executionId="227cc769-ec73-4887-ad8c-29b797eb2b09" testId="43ec0e75-6860-c297-c1ba-ef0cdf3be872" testName="TestHarvestingComponentRemoved" computerName="BREADMAKER" duration="00:00:00.0082019" startTime="2025-03-18T09:01:34.6660832+00:00" endTime="2025-03-18T09:01:34.6742854+00:00" testType="13cdc9d9-ddb5-4fa4-a97d-d965ccfc6d4b" outcome="Passed" testListId="8c84fa94-04c1-424b-9868-57a2d4851a1d" relativeResultsDirectory="227cc769-ec73-4887-ad8c-29b797eb2b09" />
    <UnitTestResult executionId="9cc030be-f711-4c4a-8169-04e5b8c40ec7" testId="625cc4ca-f8f4-6326-c304-21a412bdfca3" testName="TestUnitStatsEquality" computerName="BREADMAKER" duration="00:00:00.0093740" startTime="2025-03-18T09:01:35.3134980+00:00" endTime="2025-03-18T09:01:35.3228713+00:00" testType="13cdc9d9-ddb5-4fa4-a97d-d965ccfc6d4b" outcome="Passed" testListId="8c84fa94-04c1-424b-9868-57a2d4851a1d" relativeResultsDirectory="9cc030be-f711-4c4a-8169-04e5b8c40ec7" />
    <UnitTestResult executionId="e375027a-da3d-44c6-aa0d-107e1e2555a2" testId="9d96b495-8f8d-6e36-42b0-5e5f5e77ae7f" testName="TestAddToCargo" computerName="BREADMAKER" duration="00:00:00.0120370" startTime="2025-03-18T09:01:34.2856008+00:00" endTime="2025-03-18T09:01:34.2976370+00:00" testType="13cdc9d9-ddb5-4fa4-a97d-d965ccfc6d4b" outcome="Passed" testListId="8c84fa94-04c1-424b-9868-57a2d4851a1d" relativeResultsDirectory="e375027a-da3d-44c6-aa0d-107e1e2555a2" />
    <UnitTestResult executionId="38fd4900-a8f8-4dd8-8a3c-0eaa14b8b9aa" testId="82cebf07-cad7-cbb6-1a3b-8f7d36d056d4" testName="TestTileResourcesInitialSetup" computerName="BREADMAKER" duration="00:00:00.0063140" startTime="2025-03-18T09:01:35.0526109+00:00" endTime="2025-03-18T09:01:35.0589243+00:00" testType="13cdc9d9-ddb5-4fa4-a97d-d965ccfc6d4b" outcome="Passed" testListId="8c84fa94-04c1-424b-9868-57a2d4851a1d" relativeResultsDirectory="38fd4900-a8f8-4dd8-8a3c-0eaa14b8b9aa" />
    <UnitTestResult executionId="11fd08c5-dd6f-4857-bb0a-2135e100ea01" testId="af2fc6d3-1712-89e2-6867-d36a0c7d8389" testName="TestDirections" computerName="BREADMAKER" duration="00:00:00.0073130" startTime="2025-03-18T09:01:35.2347116+00:00" endTime="2025-03-18T09:01:35.2420240+00:00" testType="13cdc9d9-ddb5-4fa4-a97d-d965ccfc6d4b" outcome="Passed" testListId="8c84fa94-04c1-424b-9868-57a2d4851a1d" relativeResultsDirectory="11fd08c5-dd6f-4857-bb0a-2135e100ea01" />
    <UnitTestResult executionId="26071b5e-2bca-446b-8847-0d0f7a315a71" testId="4e4a441f-ff06-73c3-f80e-200ea8910f96" testName="TestStartBuilding" computerName="BREADMAKER" duration="00:00:00.0077910" startTime="2025-03-18T09:01:34.3831380+00:00" endTime="2025-03-18T09:01:34.3909287+00:00" testType="13cdc9d9-ddb5-4fa4-a97d-d965ccfc6d4b" outcome="Passed" testListId="8c84fa94-04c1-424b-9868-57a2d4851a1d" relativeResultsDirectory="26071b5e-2bca-446b-8847-0d0f7a315a71" />
    <UnitTestResult executionId="7b760b27-ff4e-4dc1-a427-817d361b59ad" testId="c823026b-adef-bae1-7ce8-d662f41206b5" testName="TestSpecIdSerialization" computerName="BREADMAKER" duration="00:00:00.0071110" startTime="2025-03-18T09:01:35.2203465+00:00" endTime="2025-03-18T09:01:35.2274568+00:00" testType="13cdc9d9-ddb5-4fa4-a97d-d965ccfc6d4b" outcome="Passed" testListId="8c84fa94-04c1-424b-9868-57a2d4851a1d" relativeResultsDirectory="7b760b27-ff4e-4dc1-a427-817d361b59ad" />
    <UnitTestResult executionId="3739ff96-6ed6-463b-b108-ddf6678926ef" testId="638ded10-b045-7026-5d99-c5e94ffe22e1" testName="TestEntityExploring" computerName="BREADMAKER" duration="00:00:00.0053660" startTime="2025-03-18T09:01:35.3942494+00:00" endTime="2025-03-18T09:01:35.3996145+00:00" testType="13cdc9d9-ddb5-4fa4-a97d-d965ccfc6d4b" outcome="Passed" testListId="8c84fa94-04c1-424b-9868-57a2d4851a1d" relativeResultsDirectory="3739ff96-6ed6-463b-b108-ddf6678926ef">
      <Output>
        <StdOut>[Client SDK] Received Packet Game.Events.ServerEvents.LoginResultPacket&#xD;
[Client SDK] Logged In - Sending Handshake to servers&#xD;
[Client SDK] Sending HandshakePacket to WORLD&#xD;
[Client SDK] Sending HandshakePacket to CHAT&#xD;
[Client SDK] Received Packet Game.Events.ServerEvents.GameSpecPacket&#xD;
[Client SDK] Initialized Specs&#xD;
[Client Game] Registered System EntityVisionSystem&#xD;
[Client Game] Registered System TileSystem&#xD;
[Client Game] Registered System MapSystem&#xD;
[Client Game] Registered System PlayerSystem&#xD;
[Client Game] Disabled delta compression&#xD;
[Client Game] World 16x16 ready&#xD;
[Client SDK] Sending JoinWorldMapCommand to WORLD&#xD;
[Client SDK] Received Packet &lt;EntityUpdate Tile 691 Components=((X=3 Y=4) Spec=0)&gt;&#xD;
[Client SDK] Received entity update for &lt;Entity Tile 691 Ct=2&gt;&#xD;
[Client SDK] Received Packet &lt;EntityUpdate Tile 692 Components=((X=3 Y=5) Spec=0)&gt;&#xD;
[Client SDK] Received entity update for &lt;Entity Tile 692 Ct=2&gt;&#xD;
[Client SDK] Received Packet &lt;EntityUpdate Tile 693 Components=((X=3 Y=6) Spec=0)&gt;&#xD;
[Client SDK] Received entity update for &lt;Entity Tile 693 Ct=2&gt;&#xD;
[Client SDK] Received Packet &lt;EntityUpdate Tile 694 Components=((X=3 Y=7) Spec=0)&gt;&#xD;
[Client SDK] Received entity update for &lt;Entity Tile 694 Ct=2&gt;&#xD;
[Client SDK] Received Packet &lt;EntityUpdate Tile 636 Components=((X=3 Y=8) Spec=2),Game.Systems.Resources.TileResourceComponent&gt;&#xD;
[Client SDK] Received entity update for &lt;Entity Tile 636 Ct=2&gt;&#xD;
[Client SDK] Received Packet &lt;EntityUpdate Tile 695 Components=((X=4 Y=3) Spec=0)&gt;&#xD;
[Client SDK] Received entity update for &lt;Entity Tile 695 Ct=2&gt;&#xD;
[Client SDK] Received Packet &lt;EntityUpdate Tile 623 Components=((X=4 Y=4) Spec=3),Game.Systems.Resources.TileResourceComponent&gt;&#xD;
[Client SDK] Received entity update for &lt;Entity Tile 623 Ct=2&gt;&#xD;
[Client SDK] Received Packet &lt;EntityUpdate Tile 696 Components=((X=4 Y=5) Spec=0)&gt;&#xD;
[Client SDK] Received entity update for &lt;Entity Tile 696 Ct=2&gt;&#xD;
[Client SDK] Received Packet &lt;EntityUpdate Tile 697 Components=((X=4 Y=6) Spec=0)&gt;&#xD;
[Client SDK] Received entity update for &lt;Entity Tile 697 Ct=2&gt;&#xD;
[Client SDK] Received Packet &lt;EntityUpdate Tile 698 Components=((X=4 Y=7) Spec=0)&gt;&#xD;
[Client SDK] Received entity update for &lt;Entity Tile 698 Ct=2&gt;&#xD;
[Client SDK] Received Packet &lt;EntityUpdate Tile 638 Components=((X=4 Y=8) Spec=2),Game.Systems.Resources.TileResourceComponent&gt;&#xD;
[Client SDK] Received entity update for &lt;Entity Tile 638 Ct=2&gt;&#xD;
[Client SDK] Received Packet &lt;EntityUpdate Tile 699 Components=((X=4 Y=9) Spec=0)&gt;&#xD;
[Client SDK] Received entity update for &lt;Entity Tile 699 Ct=2&gt;&#xD;
[Client SDK] Received Packet &lt;EntityUpdate Tile 700 Components=((X=5 Y=3) Spec=0)&gt;&#xD;
[Client SDK] Received entity update for &lt;Entity Tile 700 Ct=2&gt;&#xD;
[Client SDK] Received Packet &lt;EntityUpdate Tile 701 Components=((X=5 Y=4) Spec=0)&gt;&#xD;
[Client SDK] Received entity update for &lt;Entity Tile 701 Ct=2&gt;&#xD;
[Client SDK] Received Packet &lt;EntityUpdate Tile 624 Components=((X=5 Y=5) Spec=3),Game.Systems.Resources.TileResourceComponent&gt;&#xD;
[Client SDK] Received entity update for &lt;Entity Tile 624 Ct=2&gt;&#xD;
[Client SDK] Received Packet &lt;EntityUpdate Tile 702 Components=((X=5 Y=6) Spec=0)&gt;&#xD;
[Client SDK] Received entity update for &lt;Entity Tile 702 Ct=2&gt;&#xD;
[Client SDK] Received Packet &lt;EntityUpdate Tile 703 Components=((X=5 Y=7) Spec=0)&gt;&#xD;
[Client SDK] Received entity update for &lt;Entity Tile 703 Ct=2&gt;&#xD;
[Client SDK] Received Packet &lt;EntityUpdate Tile 640 Components=((X=5 Y=8) Spec=2),Game.Systems.Resources.TileResourceComponent&gt;&#xD;
[Client SDK] Received entity update for &lt;Entity Tile 640 Ct=2&gt;&#xD;
[Client SDK] Received Packet &lt;EntityUpdate Tile 704 Components=((X=5 Y=9) Spec=0)&gt;&#xD;
[Client SDK] Received entity update for &lt;Entity Tile 704 Ct=2&gt;&#xD;
[Client SDK] Received Packet &lt;EntityUpdate Tile 705 Components=((X=6 Y=3) Spec=0)&gt;&#xD;
[Client SDK] Received entity update for &lt;Entity Tile 705 Ct=2&gt;&#xD;
[Client SDK] Received Packet &lt;EntityUpdate Tile 706 Components=((X=6 Y=4) Spec=0)&gt;&#xD;
[Client SDK] Received entity update for &lt;Entity Tile 706 Ct=2&gt;&#xD;
[Client SDK] Received Packet &lt;EntityUpdate Tile 707 Components=((X=6 Y=5) Spec=0)&gt;&#xD;
[Client SDK] Received entity update for &lt;Entity Tile 707 Ct=2&gt;&#xD;
[Client SDK] Received Packet &lt;EntityUpdate Tile 625 Components=((X=6 Y=6) Spec=3),Game.Systems.Resources.TileResourceComponent&gt;&#xD;
[Client SDK] Received entity update for &lt;Entity Tile 625 Ct=2&gt;&#xD;
[Client SDK] Received Packet &lt;EntityUpdate Tile 708 Components=((X=6 Y=7) Spec=0)&gt;&#xD;
[Client SDK] Received entity update for &lt;Entity Tile 708 Ct=2&gt;&#xD;
[Client SDK] Received Packet &lt;EntityUpdate Tile 642 Components=((X=6 Y=8) Spec=2),Game.Systems.Resources.TileResourceComponent&gt;&#xD;
[Client SDK] Received entity update for &lt;Entity Tile 642 Ct=2&gt;&#xD;
[Client SDK] Received Packet &lt;EntityUpdate Tile 709 Components=((X=6 Y=9) Spec=0)&gt;&#xD;
[Client SDK] Received entity update for &lt;Entity Tile 709 Ct=2&gt;&#xD;
[Client SDK] Received Packet &lt;EntityUpdate Tile 710 Components=((X=7 Y=3) Spec=0)&gt;&#xD;
[Client SDK] Received entity update for &lt;Entity Tile 710 Ct=2&gt;&#xD;
[Client SDK] Received Packet &lt;EntityUpdate Tile 711 Components=((X=7 Y=4) Spec=0)&gt;&#xD;
[Client SDK] Received entity update for &lt;Entity Tile 711 Ct=2&gt;&#xD;
[Client SDK] Received Packet &lt;EntityUpdate Tile 712 Components=((X=7 Y=5) Spec=0)&gt;&#xD;
[Client SDK] Received entity update for &lt;Entity Tile 712 Ct=2&gt;&#xD;
[Client SDK] Received Packet &lt;EntityUpdate Tile 688 Components=((X=7 Y=6) Spec=0)&gt;&#xD;
[Client SDK] Received entity update for &lt;Entity Tile 688 Ct=2&gt;&#xD;
[Client SDK] Received Packet &lt;EntityUpdate Tile 626 Components=((X=7 Y=7) Spec=3),Game.Systems.Resources.TileResourceComponent&gt;&#xD;
[Client SDK] Received entity update for &lt;Entity Tile 626 Ct=2&gt;&#xD;
[Client SDK] Received Packet &lt;EntityUpdate Tile 644 Components=((X=7 Y=8) Spec=2),Game.Systems.Resources.TileResourceComponent&gt;&#xD;
[Client SDK] Received entity update for &lt;Entity Tile 644 Ct=2&gt;&#xD;
[Client SDK] Received Packet &lt;EntityUpdate Tile 713 Components=((X=7 Y=9) Spec=0)&gt;&#xD;
[Client SDK] Received entity update for &lt;Entity Tile 713 Ct=2&gt;&#xD;
[Client SDK] Received Packet &lt;EntityUpdate Tile 653 Components=((X=8 Y=3) Spec=1),Game.Systems.Resources.TileResourceComponent&gt;&#xD;
[Client SDK] Received entity update for &lt;Entity Tile 653 Ct=2&gt;&#xD;
[Client SDK] Received Packet &lt;EntityUpdate Tile 655 Components=((X=8 Y=4) Spec=1),Game.Systems.Resources.TileResourceComponent&gt;&#xD;
[Client SDK] Received entity update for &lt;Entity Tile 655 Ct=2&gt;&#xD;
[Client SDK] Received Packet &lt;EntityUpdate Tile 657 Components=((X=8 Y=5) Spec=1),Game.Systems.Resources.TileResourceComponent&gt;&#xD;
[Client SDK] Received entity update for &lt;Entity Tile 657 Ct=2&gt;&#xD;
[Client SDK] Received Packet &lt;EntityUpdate Tile 659 Components=((X=8 Y=6) Spec=1),Game.Systems.Resources.TileResourceComponent&gt;&#xD;
[Client SDK] Received entity update for &lt;Entity Tile 659 Ct=2&gt;&#xD;
[Client SDK] Received Packet &lt;EntityUpdate Tile 661 Components=((X=8 Y=7) Spec=1),Game.Systems.Resources.TileResourceComponent&gt;&#xD;
[Client SDK] Received entity update for &lt;Entity Tile 661 Ct=2&gt;&#xD;
[Client SDK] Received Packet &lt;EntityUpdate Tile 673 Components=((X=8 Y=8) Spec=2),Game.Systems.Resources.TileResourceComponent&gt;&#xD;
[Client SDK] Received entity update for &lt;Entity Tile 673 Ct=2&gt;&#xD;
[Client SDK] Received Packet &lt;EntityUpdate Tile 674 Components=((X=8 Y=9) Spec=1),Game.Systems.Resources.TileResourceComponent&gt;&#xD;
[Client SDK] Received entity update for &lt;Entity Tile 674 Ct=2&gt;&#xD;
[Client SDK] Received Packet &lt;EntityUpdate Tile 714 Components=((X=9 Y=4) Spec=0)&gt;&#xD;
[Client SDK] Received entity update for &lt;Entity Tile 714 Ct=2&gt;&#xD;
[Client SDK] Received Packet &lt;EntityUpdate Tile 715 Components=((X=9 Y=5) Spec=0)&gt;&#xD;
[Client SDK] Received entity update for &lt;Entity Tile 715 Ct=2&gt;&#xD;
[Client SDK] Received Packet &lt;EntityUpdate Tile 716 Components=((X=9 Y=6) Spec=0)&gt;&#xD;
[Client SDK] Received entity update for &lt;Entity Tile 716 Ct=2&gt;&#xD;
[Client SDK] Received Packet &lt;EntityUpdate Tile 717 Components=((X=9 Y=7) Spec=0)&gt;&#xD;
[Client SDK] Received entity update for &lt;Entity Tile 717 Ct=2&gt;&#xD;
[Client SDK] Received Packet &lt;EntityUpdate Tile 675 Components=((X=9 Y=8) Spec=2),Game.Systems.Resources.TileResourceComponent&gt;&#xD;
[Client SDK] Received entity update for &lt;Entity Tile 675 Ct=2&gt;&#xD;
[Client SDK] Received Packet &lt;EntityUpdate Party 690 Components=&lt;BattleGroup Units=&lt;Unit Spec=2/&gt; BattleId=0&gt;,&lt;PartyComponent Index=0&gt;,&lt;EntityVisionComponent Sight=3&gt;,&lt;EntityMovementComponent Course=0&gt;,&lt;EntityMovementComponent MoveDelay=1&gt;,&lt;Cargo Weight=0/100 S1=&lt;Resource Id=0 Amt=0&gt; S2=&lt;Resource Id=0 Amt=0&gt; S3=&lt;Resource Id=0 Amt=0&gt;&gt;,&lt;MapPlacementComponent (X=6 Y=6)&gt;&gt;&#xD;
[Client SDK] Received entity update for &lt;Entity Party 690 Ct=9&gt;&#xD;
[Client Game] Updating entity &lt;Entity Party 690 Ct=11&gt; vision range of 3&#xD;
[Client Game] MapLogic - Set &lt;Entity Party 690 Ct=11&gt; position to (X=6 Y=6)&#xD;
[Client Game] Updating entity &lt;Entity Party 690 Ct=11&gt; vision range of 3</StdOut>
      </Output>
    </UnitTestResult>
    <UnitTestResult executionId="f62b6dc8-9896-481e-b32b-a20f2cc169b0" testId="f17a63ed-1a60-9837-1a53-ff1ce2174520" testName="TestDungeonRemovedWhenComplete" computerName="BREADMAKER" duration="00:00:00.0119940" startTime="2025-03-18T09:01:34.4313258+00:00" endTime="2025-03-18T09:01:34.4433197+00:00" testType="13cdc9d9-ddb5-4fa4-a97d-d965ccfc6d4b" outcome="Passed" testListId="8c84fa94-04c1-424b-9868-57a2d4851a1d" relativeResultsDirectory="f62b6dc8-9896-481e-b32b-a20f2cc169b0" />
    <UnitTestResult executionId="34591385-a497-4987-8c0d-58dd426ae095" testId="226198b6-c2fd-c59f-cff4-79eb24b306e9" testName="TestRequestinBattleLog" computerName="BREADMAKER" duration="00:00:00.0150220" startTime="2025-03-18T09:01:34.2168203+00:00" endTime="2025-03-18T09:01:34.2318417+00:00" testType="13cdc9d9-ddb5-4fa4-a97d-d965ccfc6d4b" outcome="Passed" testListId="8c84fa94-04c1-424b-9868-57a2d4851a1d" relativeResultsDirectory="34591385-a497-4987-8c0d-58dd426ae095" />
    <UnitTestResult executionId="54ee1382-cacf-4a55-808f-4c0a802d6c58" testId="1e838881-a944-e11d-e711-476524674e3a" testName="TestPartyReplaceUnits" computerName="BREADMAKER" duration="00:00:00.0073060" startTime="2025-03-18T09:01:34.9943181+00:00" endTime="2025-03-18T09:01:35.0016234+00:00" testType="13cdc9d9-ddb5-4fa4-a97d-d965ccfc6d4b" outcome="Passed" testListId="8c84fa94-04c1-424b-9868-57a2d4851a1d" relativeResultsDirectory="54ee1382-cacf-4a55-808f-4c0a802d6c58" />
    <UnitTestResult executionId="1fc11e98-8621-4dab-8f34-28d59727a10f" testId="a9198519-165d-831c-a137-9ffbd8fb968c" testName="TestEventsAndPacketsSync" computerName="BREADMAKER" duration="00:00:00.0104000" startTime="2025-03-18T09:01:34.7621308+00:00" endTime="2025-03-18T09:01:34.7725300+00:00" testType="13cdc9d9-ddb5-4fa4-a97d-d965ccfc6d4b" outcome="Passed" testListId="8c84fa94-04c1-424b-9868-57a2d4851a1d" relativeResultsDirectory="1fc11e98-8621-4dab-8f34-28d59727a10f" />
    <UnitTestResult executionId="e0501483-59ad-4a8a-85d2-a0bd0f050c00" testId="9d2f8734-da54-0556-4669-ae7996b0ec2c" testName="TestCanHarvest" computerName="BREADMAKER" duration="00:00:00.0072920" startTime="2025-03-18T09:01:34.5901860+00:00" endTime="2025-03-18T09:01:34.5974777+00:00" testType="13cdc9d9-ddb5-4fa4-a97d-d965ccfc6d4b" outcome="Passed" testListId="8c84fa94-04c1-424b-9868-57a2d4851a1d" relativeResultsDirectory="e0501483-59ad-4a8a-85d2-a0bd0f050c00" />
    <UnitTestResult executionId="7a59f5ea-7cea-493f-9abe-175f2f1778ca" testId="6eb3dd7c-9c76-d126-2296-bab20c89f6e0" testName="TestUnitStatSetter" computerName="BREADMAKER" duration="00:00:00.0085220" startTime="2025-03-18T09:01:35.3229036+00:00" endTime="2025-03-18T09:01:35.3314253+00:00" testType="13cdc9d9-ddb5-4fa4-a97d-d965ccfc6d4b" outcome="Passed" testListId="8c84fa94-04c1-424b-9868-57a2d4851a1d" relativeResultsDirectory="7a59f5ea-7cea-493f-9abe-175f2f1778ca" />
    <UnitTestResult executionId="ff8295e6-30c2-4096-8657-43e9febd8d52" testId="6a0aa4a3-b55b-c79d-a2e1-c244b8f0ad6a" testName="TestDefaultDictionary" computerName="BREADMAKER" duration="00:00:00.0008950" startTime="2025-03-18T09:01:35.3559588+00:00" endTime="2025-03-18T09:01:35.3568533+00:00" testType="13cdc9d9-ddb5-4fa4-a97d-d965ccfc6d4b" outcome="Passed" testListId="8c84fa94-04c1-424b-9868-57a2d4851a1d" relativeResultsDirectory="ff8295e6-30c2-4096-8657-43e9febd8d52" />
    <UnitTestResult executionId="58f48d76-532d-45da-ad4c-2a1b0c5108ea" testId="76496d9f-32dd-cfae-f56f-8bd540130a34" testName="TestTickNotRunningTasks" computerName="BREADMAKER" duration="00:00:00.0066200" startTime="2025-03-18T09:01:35.1039704+00:00" endTime="2025-03-18T09:01:35.1105900+00:00" testType="13cdc9d9-ddb5-4fa4-a97d-d965ccfc6d4b" outcome="Passed" testListId="8c84fa94-04c1-424b-9868-57a2d4851a1d" relativeResultsDirectory="58f48d76-532d-45da-ad4c-2a1b0c5108ea" />
    <UnitTestResult executionId="8bf01b0d-102a-4539-aa9e-de87328a0069" testId="3f3675c0-79f8-775f-5985-5965bc85b399" testName="TestDungeonComponentsRegisterBuilding" computerName="BREADMAKER" duration="00:00:00.0067920" startTime="2025-03-18T09:01:34.4176721+00:00" endTime="2025-03-18T09:01:34.4244640+00:00" testType="13cdc9d9-ddb5-4fa4-a97d-d965ccfc6d4b" outcome="Passed" testListId="8c84fa94-04c1-424b-9868-57a2d4851a1d" relativeResultsDirectory="8bf01b0d-102a-4539-aa9e-de87328a0069" />
    <UnitTestResult executionId="b74c93c7-9445-44f6-b4f5-619f28971257" testId="a1454e24-8f62-825f-8a94-e73c47cfc6a9" testName="TestResourcesOnTiles" computerName="BREADMAKER" duration="00:00:00.0046350" startTime="2025-03-18T09:01:35.3824320+00:00" endTime="2025-03-18T09:01:35.3870669+00:00" testType="13cdc9d9-ddb5-4fa4-a97d-d965ccfc6d4b" outcome="Passed" testListId="8c84fa94-04c1-424b-9868-57a2d4851a1d" relativeResultsDirectory="b74c93c7-9445-44f6-b4f5-619f28971257">
      <Output>
        <StdOut>[Server] Registered System ConstructionSystem&#xD;
[Server] Registered System BattleGroupSystem&#xD;
[Server] Registered System DungeonSystem&#xD;
[Server] Registered System DeltaCompressionSystem&#xD;
[Server] Registered System EntityVisionSystem&#xD;
[Server] Registered System MovementSystem&#xD;
[Server] Registered System PartySystem&#xD;
[Server] Registered System TileSystem&#xD;
[Server] Registered System MapSystem&#xD;
[Server] Registered System PlayerSystem&#xD;
[Server] Registered System HarvestingSystem&#xD;
[Server] Registered System ResourceSystem&#xD;
[Server] Registered System CargoSystem&#xD;
[Server] Populating world seed 12345 20x20 for 2147483647 players&#xD;
[Server] MapLogic - Set &lt;Entity Dungeon 221 Ct=7&gt; position to (X=1 Y=1)&#xD;
[Server] MapLogic - Set &lt;Entity Dungeon 245 Ct=7&gt; position to (X=7 Y=11)&#xD;
[Server] MapLogic - Set &lt;Entity Dungeon 263 Ct=7&gt; position to (X=12 Y=7)&#xD;
[Server] MapLogic - Set &lt;Entity Dungeon 288 Ct=7&gt; position to (X=12 Y=11)&#xD;
[Server] World 16x16 ready&#xD;
[Server] New player 219 joined the world&#xD;
[Server] Placing new player 219 on tile &lt;Tile (X=7 Y=6) Id=305&gt;&#xD;
[Server] &lt;Entity Player 219 Ct=5&gt; recruited &lt;Unit Spec=2/&gt;&#xD;
[Server] &lt;Entity Player 219 Ct=5&gt; moved unit &lt;Unit Spec=2/&gt; to party &lt;Entity Party 307 Ct=10&gt;&#xD;
[Server] Updating entity &lt;Entity Party 307 Ct=10&gt; vision range of 3&#xD;
[Server] MapLogic - Set &lt;Entity Party 307 Ct=11&gt; position to (X=6 Y=6)&#xD;
[Server] Placed new player &lt;Entity Player 219 Ct=5&gt; in &lt;Tile (X=7 Y=6) Id=305&gt;&#xD;
[Client SDK] Received Packet Game.Events.ServerEvents.LoginResultPacket&#xD;
[Client SDK] Logged In - Sending Handshake to servers&#xD;
[Client SDK] Sending HandshakePacket to WORLD&#xD;
[Client SDK] Sending HandshakePacket to CHAT&#xD;
[Client SDK] Received Packet Game.Events.ServerEvents.GameSpecPacket&#xD;
[Client SDK] Initialized Specs&#xD;
[Client Game] Registered System EntityVisionSystem&#xD;
[Client Game] Registered System TileSystem&#xD;
[Client Game] Registered System MapSystem&#xD;
[Client Game] Registered System PlayerSystem&#xD;
[Client Game] Disabled delta compression&#xD;
[Client Game] World 16x16 ready&#xD;
[Client SDK] Sending JoinWorldMapCommand to WORLD&#xD;
[Client SDK] Received Packet &lt;EntityUpdate Tile 308 Components=((X=3 Y=4) Spec=0)&gt;&#xD;
[Client SDK] Received entity update for &lt;Entity Tile 308 Ct=2&gt;&#xD;
[Client SDK] Received Packet &lt;EntityUpdate Tile 309 Components=((X=3 Y=5) Spec=0)&gt;&#xD;
[Client SDK] Received entity update for &lt;Entity Tile 309 Ct=2&gt;&#xD;
[Client SDK] Received Packet &lt;EntityUpdate Tile 310 Components=((X=3 Y=6) Spec=0)&gt;&#xD;
[Client SDK] Received entity update for &lt;Entity Tile 310 Ct=2&gt;&#xD;
[Client SDK] Received Packet &lt;EntityUpdate Tile 311 Components=((X=3 Y=7) Spec=0)&gt;&#xD;
[Client SDK] Received entity update for &lt;Entity Tile 311 Ct=2&gt;&#xD;
[Client SDK] Received Packet &lt;EntityUpdate Tile 253 Components=((X=3 Y=8) Spec=2),Game.Systems.Resources.TileResourceComponent&gt;&#xD;
[Client SDK] Received entity update for &lt;Entity Tile 253 Ct=2&gt;&#xD;
[Client SDK] Received Packet &lt;EntityUpdate Tile 312 Components=((X=4 Y=3) Spec=0)&gt;&#xD;
[Client SDK] Received entity update for &lt;Entity Tile 312 Ct=2&gt;&#xD;
[Client SDK] Received Packet &lt;EntityUpdate Tile 240 Components=((X=4 Y=4) Spec=3),Game.Systems.Resources.TileResourceComponent&gt;&#xD;
[Client SDK] Received entity update for &lt;Entity Tile 240 Ct=2&gt;&#xD;
[Client SDK] Received Packet &lt;EntityUpdate Tile 313 Components=((X=4 Y=5) Spec=0)&gt;&#xD;
[Client SDK] Received entity update for &lt;Entity Tile 313 Ct=2&gt;&#xD;
[Client SDK] Received Packet &lt;EntityUpdate Tile 314 Components=((X=4 Y=6) Spec=0)&gt;&#xD;
[Client SDK] Received entity update for &lt;Entity Tile 314 Ct=2&gt;&#xD;
[Client SDK] Received Packet &lt;EntityUpdate Tile 315 Components=((X=4 Y=7) Spec=0)&gt;&#xD;
[Client SDK] Received entity update for &lt;Entity Tile 315 Ct=2&gt;&#xD;
[Client SDK] Received Packet &lt;EntityUpdate Tile 255 Components=((X=4 Y=8) Spec=2),Game.Systems.Resources.TileResourceComponent&gt;&#xD;
[Client SDK] Received entity update for &lt;Entity Tile 255 Ct=2&gt;&#xD;
[Client SDK] Received Packet &lt;EntityUpdate Tile 316 Components=((X=4 Y=9) Spec=0)&gt;&#xD;
[Client SDK] Received entity update for &lt;Entity Tile 316 Ct=2&gt;&#xD;
[Client SDK] Received Packet &lt;EntityUpdate Tile 317 Components=((X=5 Y=3) Spec=0)&gt;&#xD;
[Client SDK] Received entity update for &lt;Entity Tile 317 Ct=2&gt;&#xD;
[Client SDK] Received Packet &lt;EntityUpdate Tile 318 Components=((X=5 Y=4) Spec=0)&gt;&#xD;
[Client SDK] Received entity update for &lt;Entity Tile 318 Ct=2&gt;&#xD;
[Client SDK] Received Packet &lt;EntityUpdate Tile 241 Components=((X=5 Y=5) Spec=3),Game.Systems.Resources.TileResourceComponent&gt;&#xD;
[Client SDK] Received entity update for &lt;Entity Tile 241 Ct=2&gt;&#xD;
[Client SDK] Received Packet &lt;EntityUpdate Tile 319 Components=((X=5 Y=6) Spec=0)&gt;&#xD;
[Client SDK] Received entity update for &lt;Entity Tile 319 Ct=2&gt;&#xD;
[Client SDK] Received Packet &lt;EntityUpdate Tile 320 Components=((X=5 Y=7) Spec=0)&gt;&#xD;
[Client SDK] Received entity update for &lt;Entity Tile 320 Ct=2&gt;&#xD;
[Client SDK] Received Packet &lt;EntityUpdate Tile 257 Components=((X=5 Y=8) Spec=2),Game.Systems.Resources.TileResourceComponent&gt;&#xD;
[Client SDK] Received entity update for &lt;Entity Tile 257 Ct=2&gt;&#xD;
[Client SDK] Received Packet &lt;EntityUpdate Tile 321 Components=((X=5 Y=9) Spec=0)&gt;&#xD;
[Client SDK] Received entity update for &lt;Entity Tile 321 Ct=2&gt;&#xD;
[Client SDK] Received Packet &lt;EntityUpdate Tile 322 Components=((X=6 Y=3) Spec=0)&gt;&#xD;
[Client SDK] Received entity update for &lt;Entity Tile 322 Ct=2&gt;&#xD;
[Client SDK] Received Packet &lt;EntityUpdate Tile 323 Components=((X=6 Y=4) Spec=0)&gt;&#xD;
[Client SDK] Received entity update for &lt;Entity Tile 323 Ct=2&gt;&#xD;
[Client SDK] Received Packet &lt;EntityUpdate Tile 324 Components=((X=6 Y=5) Spec=0)&gt;&#xD;
[Client SDK] Received entity update for &lt;Entity Tile 324 Ct=2&gt;&#xD;
[Client SDK] Received Packet &lt;EntityUpdate Tile 242 Components=((X=6 Y=6) Spec=3),Game.Systems.Resources.TileResourceComponent&gt;&#xD;
[Client SDK] Received entity update for &lt;Entity Tile 242 Ct=2&gt;&#xD;
[Client SDK] Received Packet &lt;EntityUpdate Tile 325 Components=((X=6 Y=7) Spec=0)&gt;&#xD;
[Client SDK] Received entity update for &lt;Entity Tile 325 Ct=2&gt;&#xD;
[Client SDK] Received Packet &lt;EntityUpdate Tile 259 Components=((X=6 Y=8) Spec=2),Game.Systems.Resources.TileResourceComponent&gt;&#xD;
[Client SDK] Received entity update for &lt;Entity Tile 259 Ct=2&gt;&#xD;
[Client SDK] Received Packet &lt;EntityUpdate Tile 326 Components=((X=6 Y=9) Spec=0)&gt;&#xD;
[Client SDK] Received entity update for &lt;Entity Tile 326 Ct=2&gt;&#xD;
[Client SDK] Received Packet &lt;EntityUpdate Tile 327 Components=((X=7 Y=3) Spec=0)&gt;&#xD;
[Client SDK] Received entity update for &lt;Entity Tile 327 Ct=2&gt;&#xD;
[Client SDK] Received Packet &lt;EntityUpdate Tile 328 Components=((X=7 Y=4) Spec=0)&gt;&#xD;
[Client SDK] Received entity update for &lt;Entity Tile 328 Ct=2&gt;&#xD;
[Client SDK] Received Packet &lt;EntityUpdate Tile 329 Components=((X=7 Y=5) Spec=0)&gt;&#xD;
[Client SDK] Received entity update for &lt;Entity Tile 329 Ct=2&gt;&#xD;
[Client SDK] Received Packet &lt;EntityUpdate Tile 305 Components=((X=7 Y=6) Spec=0)&gt;&#xD;
[Client SDK] Received entity update for &lt;Entity Tile 305 Ct=2&gt;&#xD;
[Client SDK] Received Packet &lt;EntityUpdate Tile 243 Components=((X=7 Y=7) Spec=3),Game.Systems.Resources.TileResourceComponent&gt;&#xD;
[Client SDK] Received entity update for &lt;Entity Tile 243 Ct=2&gt;&#xD;
[Client SDK] Received Packet &lt;EntityUpdate Tile 261 Components=((X=7 Y=8) Spec=2),Game.Systems.Resources.TileResourceComponent&gt;&#xD;
[Client SDK] Received entity update for &lt;Entity Tile 261 Ct=2&gt;&#xD;
[Client SDK] Received Packet &lt;EntityUpdate Tile 330 Components=((X=7 Y=9) Spec=0)&gt;&#xD;
[Client SDK] Received entity update for &lt;Entity Tile 330 Ct=2&gt;&#xD;
[Client SDK] Received Packet &lt;EntityUpdate Tile 270 Components=((X=8 Y=3) Spec=1),Game.Systems.Resources.TileResourceComponent&gt;&#xD;
[Client SDK] Received entity update for &lt;Entity Tile 270 Ct=2&gt;&#xD;
[Client SDK] Received Packet &lt;EntityUpdate Tile 272 Components=((X=8 Y=4) Spec=1),Game.Systems.Resources.TileResourceComponent&gt;&#xD;
[Client SDK] Received entity update for &lt;Entity Tile 272 Ct=2&gt;&#xD;
[Client SDK] Received Packet &lt;EntityUpdate Tile 274 Components=((X=8 Y=5) Spec=1),Game.Systems.Resources.TileResourceComponent&gt;&#xD;
[Client SDK] Received entity update for &lt;Entity Tile 274 Ct=2&gt;&#xD;
[Client SDK] Received Packet &lt;EntityUpdate Tile 276 Components=((X=8 Y=6) Spec=1),Game.Systems.Resources.TileResourceComponent&gt;&#xD;
[Client SDK] Received entity update for &lt;Entity Tile 276 Ct=2&gt;&#xD;
[Client SDK] Received Packet &lt;EntityUpdate Tile 278 Components=((X=8 Y=7) Spec=1),Game.Systems.Resources.TileResourceComponent&gt;&#xD;
[Client SDK] Received entity update for &lt;Entity Tile 278 Ct=2&gt;&#xD;
[Client SDK] Received Packet &lt;EntityUpdate Tile 290 Components=((X=8 Y=8) Spec=2),Game.Systems.Resources.TileResourceComponent&gt;&#xD;
[Client SDK] Received entity update for &lt;Entity Tile 290 Ct=2&gt;&#xD;
[Client SDK] Received Packet &lt;EntityUpdate Tile 291 Components=((X=8 Y=9) Spec=1),Game.Systems.Resources.TileResourceComponent&gt;&#xD;
[Client SDK] Received entity update for &lt;Entity Tile 291 Ct=2&gt;&#xD;
[Client SDK] Received Packet &lt;EntityUpdate Tile 331 Components=((X=9 Y=4) Spec=0)&gt;&#xD;
[Client SDK] Received entity update for &lt;Entity Tile 331 Ct=2&gt;&#xD;
[Client SDK] Received Packet &lt;EntityUpdate Tile 332 Components=((X=9 Y=5) Spec=0)&gt;&#xD;
[Client SDK] Received entity update for &lt;Entity Tile 332 Ct=2&gt;&#xD;
[Client SDK] Received Packet &lt;EntityUpdate Tile 333 Components=((X=9 Y=6) Spec=0)&gt;&#xD;
[Client SDK] Received entity update for &lt;Entity Tile 333 Ct=2&gt;&#xD;
[Client SDK] Received Packet &lt;EntityUpdate Tile 334 Components=((X=9 Y=7) Spec=0)&gt;&#xD;
[Client SDK] Received entity update for &lt;Entity Tile 334 Ct=2&gt;&#xD;
[Client SDK] Received Packet &lt;EntityUpdate Tile 292 Components=((X=9 Y=8) Spec=2),Game.Systems.Resources.TileResourceComponent&gt;&#xD;
[Client SDK] Received entity update for &lt;Entity Tile 292 Ct=2&gt;&#xD;
[Client SDK] Received Packet &lt;EntityUpdate Party 307 Components=&lt;BattleGroup Units=&lt;Unit Spec=2/&gt; BattleId=0&gt;,&lt;PartyComponent Index=0&gt;,&lt;EntityVisionComponent Sight=3&gt;,&lt;EntityMovementComponent Course=0&gt;,&lt;EntityMovementComponent MoveDelay=1&gt;,&lt;Cargo Weight=0/100 S1=&lt;Resource Id=0 Amt=0&gt; S2=&lt;Resource Id=0 Amt=0&gt; S3=&lt;Resource Id=0 Amt=0&gt;&gt;,&lt;MapPlacementComponent (X=6 Y=6)&gt;&gt;&#xD;
[Client SDK] Received entity update for &lt;Entity Party 307 Ct=9&gt;&#xD;
[Client Game] Updating entity &lt;Entity Party 307 Ct=11&gt; vision range of 3&#xD;
[Client Game] MapLogic - Set &lt;Entity Party 307 Ct=11&gt; position to (X=6 Y=6)&#xD;
[Client Game] Updating entity &lt;Entity Party 307 Ct=11&gt; vision range of 3</StdOut>
      </Output>
    </UnitTestResult>
    <UnitTestResult executionId="7b7d287f-a40f-4e2d-8f37-f8937854dd93" testId="84f3980c-0e7f-9bd4-d071-1b52d83d2b46" testName="TestSimplePath" computerName="BREADMAKER" duration="00:00:00.0081770" startTime="2025-03-18T09:01:35.0357765+00:00" endTime="2025-03-18T09:01:35.0439536+00:00" testType="13cdc9d9-ddb5-4fa4-a97d-d965ccfc6d4b" outcome="Passed" testListId="8c84fa94-04c1-424b-9868-57a2d4851a1d" relativeResultsDirectory="7b7d287f-a40f-4e2d-8f37-f8937854dd93" />
    <UnitTestResult executionId="13ed41d0-0f62-4f9f-b087-ff9a947e760f" testId="33bd9b71-20e0-8180-881e-2a34cd73d4f9" testName="TestGameWasCreated" computerName="BREADMAKER" duration="00:00:00.0045330" startTime="2025-03-18T09:01:35.3996554+00:00" endTime="2025-03-18T09:01:35.4041873+00:00" testType="13cdc9d9-ddb5-4fa4-a97d-d965ccfc6d4b" outcome="Passed" testListId="8c84fa94-04c1-424b-9868-57a2d4851a1d" relativeResultsDirectory="13ed41d0-0f62-4f9f-b087-ff9a947e760f">
      <Output>
        <StdOut>[Client SDK] Received Packet Game.Events.ServerEvents.LoginResultPacket&#xD;
[Client SDK] Logged In - Sending Handshake to servers&#xD;
[Client SDK] Sending HandshakePacket to WORLD&#xD;
[Client SDK] Sending HandshakePacket to CHAT&#xD;
[Client SDK] Received Packet Game.Events.ServerEvents.GameSpecPacket&#xD;
[Client SDK] Initialized Specs&#xD;
[Client Game] Registered System EntityVisionSystem&#xD;
[Client Game] Registered System TileSystem&#xD;
[Client Game] Registered System MapSystem&#xD;
[Client Game] Registered System PlayerSystem&#xD;
[Client Game] Disabled delta compression&#xD;
[Client Game] World 16x16 ready&#xD;
[Client SDK] Sending JoinWorldMapCommand to WORLD</StdOut>
      </Output>
    </UnitTestResult>
    <UnitTestResult executionId="d0ee63bf-88a4-46c4-becb-4351fd32dfce" testId="f4263c3a-596e-746d-4e9b-ed0e56a9eaa0" testName="TestNeighboars" computerName="BREADMAKER" duration="00:00:00.0074020" startTime="2025-03-18T09:01:35.2420463+00:00" endTime="2025-03-18T09:01:35.2494482+00:00" testType="13cdc9d9-ddb5-4fa4-a97d-d965ccfc6d4b" outcome="Passed" testListId="8c84fa94-04c1-424b-9868-57a2d4851a1d" relativeResultsDirectory="d0ee63bf-88a4-46c4-becb-4351fd32dfce" />
    <UnitTestResult executionId="0ae3509d-9dc7-4d6d-bf42-4cce1a70b15e" testId="1c23c6f3-523b-1f7a-97d1-c869ff63e36a" testName="TestCannotHarvestIfFar" computerName="BREADMAKER" duration="00:00:00.0081110" startTime="2025-03-18T09:01:34.5974983+00:00" endTime="2025-03-18T09:01:34.6056089+00:00" testType="13cdc9d9-ddb5-4fa4-a97d-d965ccfc6d4b" outcome="Passed" testListId="8c84fa94-04c1-424b-9868-57a2d4851a1d" relativeResultsDirectory="0ae3509d-9dc7-4d6d-bf42-4cce1a70b15e" />
    <UnitTestResult executionId="6b4b49e0-56b3-40dc-96d1-da6a059f394c" testId="b0ea15ae-0c89-e127-d3b8-95d4962e7ad2" testName="TestUnitsBeingUpdated" computerName="BREADMAKER" duration="00:00:00.0006730" startTime="2025-03-18T09:01:34.1742526+00:00" endTime="2025-03-18T09:01:34.1749254+00:00" testType="13cdc9d9-ddb5-4fa4-a97d-d965ccfc6d4b" outcome="Passed" testListId="8c84fa94-04c1-424b-9868-57a2d4851a1d" relativeResultsDirectory="6b4b49e0-56b3-40dc-96d1-da6a059f394c" />
    <UnitTestResult executionId="76f8548b-b9b7-4cd4-b031-db57c86b2190" testId="65e0a8f4-195e-f457-1216-4b3da80c2ccd" testName="TestTilePassableFlag" computerName="BREADMAKER" duration="00:00:00.0084680" startTime="2025-03-18T09:01:35.2797905+00:00" endTime="2025-03-18T09:01:35.2882584+00:00" testType="13cdc9d9-ddb5-4fa4-a97d-d965ccfc6d4b" outcome="Passed" testListId="8c84fa94-04c1-424b-9868-57a2d4851a1d" relativeResultsDirectory="76f8548b-b9b7-4cd4-b031-db57c86b2190" />
    <UnitTestResult executionId="0f3ff96a-6064-4ae9-b719-0e92f80d619c" testId="3c9efb21-156d-3c1e-9f1d-226742742931" testName="TestDelayProportion" computerName="BREADMAKER" duration="00:00:00.0010520" startTime="2025-03-18T09:01:34.1368263+00:00" endTime="2025-03-18T09:01:34.1378782+00:00" testType="13cdc9d9-ddb5-4fa4-a97d-d965ccfc6d4b" outcome="Passed" testListId="8c84fa94-04c1-424b-9868-57a2d4851a1d" relativeResultsDirectory="0f3ff96a-6064-4ae9-b719-0e92f80d619c" />
    <UnitTestResult executionId="1eae3bb2-d7f7-438c-b440-1047309479a0" testId="c00b299f-37d9-a913-6799-cd38813cb374" testName="TestEntityUpdatePacket" computerName="BREADMAKER" duration="00:00:00.0144410" startTime="2025-03-18T09:01:35.1207605+00:00" endTime="2025-03-18T09:01:35.1352008+00:00" testType="13cdc9d9-ddb5-4fa4-a97d-d965ccfc6d4b" outcome="Passed" testListId="8c84fa94-04c1-424b-9868-57a2d4851a1d" relativeResultsDirectory="1eae3bb2-d7f7-438c-b440-1047309479a0" />
    <UnitTestResult executionId="96d8b570-df41-47ad-9984-385e25b0a9ef" testId="ca32aa31-c3a2-96c6-509d-61f6b9a4051a" testName="TestNetwork" computerName="BREADMAKER" duration="00:00:00.0102640" startTime="2025-03-18T09:01:34.9508020+00:00" endTime="2025-03-18T09:01:34.9610651+00:00" testType="13cdc9d9-ddb5-4fa4-a97d-d965ccfc6d4b" outcome="Passed" testListId="8c84fa94-04c1-424b-9868-57a2d4851a1d" relativeResultsDirectory="96d8b570-df41-47ad-9984-385e25b0a9ef">
      <Output>
        <StdOut>[Server] Registered System ConstructionSystem&#xD;
[Server] Registered System BattleGroupSystem&#xD;
[Server] Registered System DungeonSystem&#xD;
[Server] Registered System DeltaCompressionSystem&#xD;
[Server] Registered System EntityVisionSystem&#xD;
[Server] Registered System MovementSystem&#xD;
[Server] Registered System PartySystem&#xD;
[Server] Registered System TileSystem&#xD;
[Server] Registered System MapSystem&#xD;
[Server] Registered System PlayerSystem&#xD;
[Server] Registered System HarvestingSystem&#xD;
[Server] Registered System ResourceSystem&#xD;
[Server] Registered System CargoSystem&#xD;
[Server] Populating world seed 12345 20x20 for 2147483647 players&#xD;
[Server] MapLogic - Set &lt;Entity Dungeon 85 Ct=7&gt; position to (X=1 Y=1)&#xD;
[Server] MapLogic - Set &lt;Entity Dungeon 109 Ct=7&gt; position to (X=7 Y=11)&#xD;
[Server] MapLogic - Set &lt;Entity Dungeon 127 Ct=7&gt; position to (X=12 Y=7)&#xD;
[Server] MapLogic - Set &lt;Entity Dungeon 152 Ct=7&gt; position to (X=12 Y=11)&#xD;
[Server] World 16x16 ready&#xD;
[Client] Registered System EntityVisionSystem&#xD;
[Client] Registered System TileSystem&#xD;
[Client] Registered System MapSystem&#xD;
[Client] Registered System PlayerSystem&#xD;
[Client] Disabled delta compression&#xD;
[Client] World 96x96 ready</StdOut>
      </Output>
    </UnitTestResult>
    <UnitTestResult executionId="bce1e3cc-df44-4443-aaaf-c0b3f912a677" testId="817ff102-be51-67fd-11e5-209c36d505e0" testName="TestSendingEventsWhenExploring" computerName="BREADMAKER" duration="00:00:00.0066520" startTime="2025-03-18T09:01:34.8407637+00:00" endTime="2025-03-18T09:01:34.8474149+00:00" testType="13cdc9d9-ddb5-4fa4-a97d-d965ccfc6d4b" outcome="Passed" testListId="8c84fa94-04c1-424b-9868-57a2d4851a1d" relativeResultsDirectory="bce1e3cc-df44-4443-aaaf-c0b3f912a677" />
    <UnitTestResult executionId="2e14d6d1-a870-4806-a0bd-19a3be476ab3" testId="6dc1e28c-8122-e266-0d42-9780847be56a" testName="TestBuilding" computerName="BREADMAKER" duration="00:00:00.0090160" startTime="2025-03-18T09:01:34.3583215+00:00" endTime="2025-03-18T09:01:34.3673376+00:00" testType="13cdc9d9-ddb5-4fa4-a97d-d965ccfc6d4b" outcome="Passed" testListId="8c84fa94-04c1-424b-9868-57a2d4851a1d" relativeResultsDirectory="2e14d6d1-a870-4806-a0bd-19a3be476ab3" />
    <UnitTestResult executionId="c65c7435-7513-4f5f-a89a-189c44df84ba" testId="ea49be16-ab6d-e65c-b7b1-61420f2b5dae" testName="TestAgressiveMoveOnDungeon" computerName="BREADMAKER" duration="00:00:00.0084580" startTime="2025-03-18T09:01:34.4019906+00:00" endTime="2025-03-18T09:01:34.4104487+00:00" testType="13cdc9d9-ddb5-4fa4-a97d-d965ccfc6d4b" outcome="Passed" testListId="8c84fa94-04c1-424b-9868-57a2d4851a1d" relativeResultsDirectory="c65c7435-7513-4f5f-a89a-189c44df84ba" />
    <UnitTestResult executionId="8a0093cc-43d2-4139-8fbe-f6c298db5531" testId="e28368b0-d6bc-a90e-8268-144e9da09e5b" testName="TestLogicTriggeringEvents" computerName="BREADMAKER" duration="00:00:00.0096820" startTime="2025-03-18T09:01:34.1080922+00:00" endTime="2025-03-18T09:01:34.1177741+00:00" testType="13cdc9d9-ddb5-4fa4-a97d-d965ccfc6d4b" outcome="Passed" testListId="8c84fa94-04c1-424b-9868-57a2d4851a1d" relativeResultsDirectory="8a0093cc-43d2-4139-8fbe-f6c298db5531" />
    <UnitTestResult executionId="381e2525-1e66-4182-90cc-d4d853b3f608" testId="01ab2f59-23b1-e044-ffd5-fd5bcf308fbd" testName="TestBuildingOnTile" computerName="BREADMAKER" duration="00:00:00.0070280" startTime="2025-03-18T09:01:35.3871932+00:00" endTime="2025-03-18T09:01:35.3942200+00:00" testType="13cdc9d9-ddb5-4fa4-a97d-d965ccfc6d4b" outcome="Passed" testListId="8c84fa94-04c1-424b-9868-57a2d4851a1d" relativeResultsDirectory="381e2525-1e66-4182-90cc-d4d853b3f608">
      <Output>
        <StdOut>[Client SDK] Received Packet Game.Events.ServerEvents.LoginResultPacket&#xD;
[Client SDK] Logged In - Sending Handshake to servers&#xD;
[Client SDK] Sending HandshakePacket to WORLD&#xD;
[Client SDK] Sending HandshakePacket to CHAT&#xD;
[Client SDK] Received Packet Game.Events.ServerEvents.GameSpecPacket&#xD;
[Client SDK] Initialized Specs&#xD;
[Client Game] Registered System EntityVisionSystem&#xD;
[Client Game] Registered System TileSystem&#xD;
[Client Game] Registered System MapSystem&#xD;
[Client Game] Registered System PlayerSystem&#xD;
[Client Game] Disabled delta compression&#xD;
[Client Game] World 16x16 ready&#xD;
[Client SDK] Sending JoinWorldMapCommand to WORLD&#xD;
[Client SDK] Received Packet &lt;EntityUpdate Tile 336 Components=((X=1 Y=1) Spec=3),Game.Systems.Resources.TileResourceComponent&gt;&#xD;
[Client SDK] Received entity update for &lt;Entity Tile 336 Ct=2&gt;&#xD;
[Client SDK] Received Packet &lt;EntityUpdate Dungeon 337 Components=&lt;DungeonComponent Spec=0&gt;,&lt;BattleGroup Units=&lt;Unit Spec=0/&gt; BattleId=0&gt;,&lt;MapPlacementComponent (X=1 Y=1)&gt;&gt;&#xD;
[Client SDK] Received entity update for &lt;Entity Dungeon 337 Ct=5&gt;&#xD;
[Client Game] MapLogic - Set &lt;Entity Dungeon 337 Ct=7&gt; position to (X=1 Y=1)&#xD;
[Client SDK] Received Packet &lt;EntityUpdate Tile 360 Components=((X=7 Y=11) Spec=0)&gt;&#xD;
[Client SDK] Received entity update for &lt;Entity Tile 360 Ct=2&gt;&#xD;
[...]
[Client SDK] Received Packet &lt;EntityUpdate Tile 937 Components=((X=6 Y=3) Spec=0)&gt;&#xD;
[Client SDK] Received entity update for &lt;Entity Tile 937 Ct=2&gt;&#xD;
[Client SDK] Received Packet &lt;EntityUpdate Tile 938 Components=((X=6 Y=4) Spec=0)&gt;&#xD;
[Client SDK] Received entity update for &lt;Entity Tile 938 Ct=2&gt;&#xD;
[Client SDK] Received Packet &lt;EntityUpdate Tile 939 Components=((X=6 Y=5) Spec=0)&gt;&#xD;
[Client SDK] Received entity update for &lt;Entity Tile 939 Ct=2&gt;&#xD;
[Client SDK] Received Packet &lt;EntityUpdate Tile 857 Components=((X=6 Y=6) Spec=3),Game.Systems.Resources.TileResourceComponent&gt;&#xD;
[Client SDK] Received entity update for &lt;Entity Tile 857 Ct=2&gt;&#xD;
[Client SDK] Received Packet &lt;EntityUpdate Tile 940 Components=((X=6 Y=7) Spec=0)&gt;&#xD;
[Client SDK] Received entity update for &lt;Entity Tile 940 Ct=2&gt;&#xD;
[Client SDK] Received Packet &lt;EntityUpdate Tile 874 Components=((X=6 Y=8) Spec=2),Game.Systems.Resources.TileResourceComponent&gt;&#xD;
[Client SDK] Received entity update for &lt;Entity Tile 874 Ct=2&gt;&#xD;
[Client SDK] Received Packet &lt;EntityUpdate Tile 941 Components=((X=6 Y=9) Spec=0)&gt;&#xD;
[Client SDK] Received entity update for &lt;Entity Tile 941 Ct=2&gt;&#xD;
[Client SDK] Received Packet &lt;EntityUpdate Tile 942 Components=((X=7 Y=3) Spec=0)&gt;&#xD;
[Client SDK] Received entity update for &lt;Entity Tile 942 Ct=2&gt;&#xD;
[Client SDK] Received Packet &lt;EntityUpdate Tile 943 Components=((X=7 Y=4) Spec=0)&gt;&#xD;
[Client SDK] Received entity update for &lt;Entity Tile 943 Ct=2&gt;&#xD;
[Client SDK] Received Packet &lt;EntityUpdate Tile 944 Components=((X=7 Y=5) Spec=0)&gt;&#xD;
[Client SDK] Received entity update for &lt;Entity Tile 944 Ct=2&gt;&#xD;
[Client SDK] Received Packet &lt;EntityUpdate Tile 920 Components=((X=7 Y=6) Spec=0)&gt;&#xD;
[Client SDK] Received entity update for &lt;Entity Tile 920 Ct=2&gt;&#xD;
[Client SDK] Received Packet &lt;EntityUpdate Tile 858 Components=((X=7 Y=7) Spec=3),Game.Systems.Resources.TileResourceComponent&gt;&#xD;
[Client SDK] Received entity update for &lt;Entity Tile 858 Ct=2&gt;&#xD;
[Client SDK] Received Packet &lt;EntityUpdate Tile 876 Components=((X=7 Y=8) Spec=2),Game.Systems.Resources.TileResourceComponent&gt;&#xD;
[Client SDK] Received entity update for &lt;Entity Tile 876 Ct=2&gt;&#xD;
[Client SDK] Received Packet &lt;EntityUpdate Tile 945 Components=((X=7 Y=9) Spec=0)&gt;&#xD;
[Client SDK] Received entity update for &lt;Entity Tile 945 Ct=2&gt;&#xD;
[Client SDK] Received Packet &lt;EntityUpdate Tile 885 Components=((X=8 Y=3) Spec=1),Game.Systems.Resources.TileResourceComponent&gt;&#xD;
[Client SDK] Received entity update for &lt;Entity Tile 885 Ct=2&gt;&#xD;
[Client SDK] Received Packet &lt;EntityUpdate Tile 887 Components=((X=8 Y=4) Spec=1),Game.Systems.Resources.TileResourceComponent&gt;&#xD;
[Client SDK] Received entity update for &lt;Entity Tile 887 Ct=2&gt;&#xD;
[Client SDK] Received Packet &lt;EntityUpdate Tile 889 Components=((X=8 Y=5) Spec=1),Game.Systems.Resources.TileResourceComponent&gt;&#xD;
[Client SDK] Received entity update for &lt;Entity Tile 889 Ct=2&gt;&#xD;
[Client SDK] Received Packet &lt;EntityUpdate Tile 891 Components=((X=8 Y=6) Spec=1),Game.Systems.Resources.TileResourceComponent&gt;&#xD;
[Client SDK] Received entity update for &lt;Entity Tile 891 Ct=2&gt;&#xD;
[Client SDK] Received Packet &lt;EntityUpdate Tile 893 Components=((X=8 Y=7) Spec=1),Game.Systems.Resources.TileResourceComponent&gt;&#xD;
[Client SDK] Received entity update for &lt;Entity Tile 893 Ct=2&gt;&#xD;
[Client SDK] Received Packet &lt;EntityUpdate Tile 905 Components=((X=8 Y=8) Spec=2),Game.Systems.Resources.TileResourceComponent&gt;&#xD;
[Client SDK] Received entity update for &lt;Entity Tile 905 Ct=2&gt;&#xD;
[Client SDK] Received Packet &lt;EntityUpdate Tile 906 Components=((X=8 Y=9) Spec=1),Game.Systems.Resources.TileResourceComponent&gt;&#xD;
[Client SDK] Received entity update for &lt;Entity Tile 906 Ct=2&gt;&#xD;
[Client SDK] Received Packet &lt;EntityUpdate Tile 946 Components=((X=9 Y=4) Spec=0)&gt;&#xD;
[Client SDK] Received entity update for &lt;Entity Tile 946 Ct=2&gt;&#xD;
[Client SDK] Received Packet &lt;EntityUpdate Tile 947 Components=((X=9 Y=5) Spec=0)&gt;&#xD;
[Client SDK] Received entity update for &lt;Entity Tile 947 Ct=2&gt;&#xD;
[Client SDK] Received Packet &lt;EntityUpdate Tile 948 Components=((X=9 Y=6) Spec=0)&gt;&#xD;
[Client SDK] Received entity update for &lt;Entity Tile 948 Ct=2&gt;&#xD;
[Client SDK] Received Packet &lt;EntityUpdate Tile 949 Components=((X=9 Y=7) Spec=0)&gt;&#xD;
[Client SDK] Received entity update for &lt;Entity Tile 949 Ct=2&gt;&#xD;
[Client SDK] Received Packet &lt;EntityUpdate Tile 907 Components=((X=9 Y=8) Spec=2),Game.Systems.Resources.TileResourceComponent&gt;&#xD;
[Client SDK] Received entity update for &lt;Entity Tile 907 Ct=2&gt;&#xD;
</Text>
      </RunInfo>
      <RunInfo computerName="BREADMAKER" outcome="Warning" timestamp="2025-03-18T09:01:35.8877328+00:00">
        <Text>[Server WORLD] Error disconnecting connection 1 - unknown user</Text>
      </RunInfo>
      <RunInfo computerName="BREADMAKER" outcome="Warning" timestamp="2025-03-18T09:01:35.8878627+00:00">
        <Text>[Server ACCOUNT] Error disconnecting connection 2 - unknown user</Text>
      </RunInfo>
      <RunInfo computerName="BREADMAKER" outcome="Warning" timestamp="2025-03-18T09:01:35.8878882+00:00">
        <Text>[Server CHAT] Error disconnecting connection 3 - unknown user</Text>
      </RunInfo>
      <RunInfo computerName="BREADMAKER" outcome="Warning" timestamp="2025-03-18T09:01:41.2725499+00:00">
        <Text>[Client SDK] Sending LoginPacket to ACCOUNT&#xD;
[Client SDK] Client disconnecting&#xD;
[Client SDK] Sending LoginPacket to ACCOUNT&#xD;
[Client SDK] Connected to Server WORLD&#xD;
[Client SDK] Connected to Server ACCOUNT&#xD;
[Server ACCOUNT] Received 103 bytes for  from connection 5&#xD;
[Server ACCOUNT] Authenticating account abc&#xD;
[Server ACCOUNT] Registered new account abc with playerId 87&#xD;
[Server ACCOUNT] Sending Game.Events.ServerEvents.LoginResultPacket to 5&#xD;
[Server ACCOUNT] Player 87 Registered connection id 5&#xD;
[Server ACCOUNT] Connection 5 registered authenticated as &lt;Profile PlayerId=87 Name=abc/&gt;&#xD;
[Server ACCOUNT] Received 103 bytes for  from connection 5&#xD;
[Client SDK] Received Packet Game.Events.ServerEvents.LoginResultPacket&#xD;
[Client SDK] Logged In - Sending Handshake to servers&#xD;
[Client SDK] Sending HandshakePacket to WORLD&#xD;
[Client SDK] Sending HandshakePacket to CHAT&#xD;
[Client SDK] Connected to Server CHAT&#xD;
[Server CHAT] Received 223 bytes for  from connection 6&#xD;
[Server CHAT] Player 87 Registered connection id 6&#xD;
[Server CHAT] Player 87 did a handshake and is authenticated on connection 6&#xD;
[Server CHAT] Sending chat log to player 87&#xD;
[Server CHAT] Processing packet HandshakePacket from player 87&#xD;
[Client SDK] Received Packet Game.Network.ClientPackets.ChatLogPacket&#xD;
[Server WORLD] Received 223 bytes for  from connection 4&#xD;
[Server WORLD] Player 87 Registered connection id 4&#xD;
[Server WORLD] Player 87 did a handshake and is authenticated on connection 4&#xD;
[Server WORLD] Processing packet HandshakePacket from player 87&#xD;
[Client SDK] Received Packet Game.Events.ServerEvents.GameSpecPacket&#xD;
[Client SDK] Initialized Specs&#xD;
[Client Game] Registered System EntityVisionSystem&#xD;
[Client Game] Registered System TileSystem&#xD;
[Client Game] Registered System MapSystem&#xD;
[Client Game] Registered System PlayerSystem&#xD;
[Client Game] Disabled delta compression&#xD;
[Client Game] World 16x16 ready&#xD;
[Client SDK] Sending JoinWorldMapCommand to WORLD&#xD;
[Server WORLD] Received 54 bytes for  from connection 4&#xD;
[Server WORLD] Processing packet JoinWorldMapCommand from player 87&#xD;
[Server Game] New player 87 joined the world&#xD;
[Server Game] Placing new player 87 on tile &lt;Tile (X=7 Y=6) Id=88&gt;&#xD;
[Server Game] &lt;Entity Player 87 Ct=5&gt; recruited &lt;Unit Spec=2/&gt;&#xD;
[Server Game] &lt;Entity Player 87 Ct=5&gt; moved unit &lt;Unit Spec=2/&gt; to party &lt;Entity Party 90 Ct=10&gt;&#xD;
[Server Game] Updating entity &lt;Entity Party 90 Ct=10&gt; vision range of 3&#xD;
[Server Game] MapLogic - Set &lt;Entity Party 90 Ct=11&gt; position to (X=6 Y=6)&#xD;
[Server Game] Placed new player &lt;Entity Player 87 Ct=5&gt; in &lt;Tile (X=7 Y=6) Id=88&gt;&#xD;
[Client SDK] Received Packet &lt;EntityUpdate Tile 88 Components=((X=7 Y=6) Spec=0)&gt;&#xD;
[Client SDK] Received entity update for &lt;Entity Tile 88 Ct=2&gt;&#xD;
[Client SDK] Received Packet &lt;EntityUpdate Tile 91 Components=((X=3 Y=4) Spec=0)&gt;&#xD;
[Client SDK] Received entity update for &lt;Entity Tile 91 Ct=2&gt;&#xD;
[Client SDK] Received Packet &lt;EntityUpdate Tile 92 Components=((X=3 Y=5) Spec=0)&gt;&#xD;
[Client SDK] Received entity update for &lt;Entity Tile 92 Ct=2&gt;&#xD;
[Client SDK] Received Packet &lt;EntityUpdate Tile 93 Components=((X=3 Y=6) Spec=0)&gt;&#xD;
[Client SDK] Received entity update for &lt;Entity Tile 93 Ct=2&gt;&#xD;
[Client SDK] Received Packet &lt;EntityUpdate Tile 94 Components=((X=3 Y=7) Spec=0)&gt;&#xD;
[Client SDK] Received entity update for &lt;Entity Tile 94 Ct=2&gt;&#xD;
[Client SDK] Received Packet &lt;EntityUpdate Tile 95 Components=((X=4 Y=3) Spec=0)&gt;&#xD;
[Client SDK] Received entity update for &lt;Entity Tile 95 Ct=2&gt;&#xD;
[Client SDK] Received Packet &lt;EntityUpdate Tile 96 Components=((X=4 Y=5) Spec=0)&gt;&#xD;
[Client SDK] Received entity update for &lt;Entity Tile 96 Ct=2&gt;&#xD;
[Client SDK] Received Packet &lt;EntityUpdate Tile 97 Components=((X=4 Y=6) Spec=0)&gt;&#xD;
[Client SDK] Received entity update for &lt;Entity Tile 97 Ct=2&gt;&#xD;
[Client SDK] Received Packet &lt;EntityUpdate Tile 98 Components=((X=4 Y=7) Spec=0)&gt;&#xD;
[Client SDK] Received entity update for &lt;Entity Tile 98 Ct=2&gt;&#xD;
[Client SDK] Received Packet &lt;EntityUpdate Tile 99 Components=((X=4 Y=9) Spec=0)&gt;&#xD;
[Client SDK] Received entity update for &lt;Entity Tile 99 Ct=2&gt;&#xD;
[Client SDK] Received Packet &lt;EntityUpdate Tile 100 Components=((X=5 Y=3) Spec=0)&gt;&#xD;
[Client SDK] Received entity update for &lt;Entity Tile 100 Ct=2&gt;&#xD;
[Client SDK] Received Packet &lt;EntityUpdate Tile 101 Components=((X=5 Y=4) Spec=0)&gt;&#xD;
[Client SDK] Received entity update for &lt;Entity Tile 101 Ct=2&gt;&#xD;
[Client SDK] Received Packet &lt;EntityUpdate Tile 102 Components=((X=5 Y=6) Spec=0)&gt;&#xD;
[Client SDK] Received entity update for &lt;Entity Tile 102 Ct=2&gt;&#xD;
[Client SDK] Received Packet &lt;EntityUpdate Tile 103 Components=((X=5 Y=7) Spec=0)&gt;&#xD;
[Client SDK] Received entity update for &lt;Entity Tile 103 Ct=2&gt;&#xD;
[Client SDK] Received Packet &lt;EntityUpdate Tile 104 Components=((X=5 Y=9) Spec=0)&gt;&#xD;
[Client SDK] Received entity update for &lt;Entity Tile 104 Ct=2&gt;&#xD;
[Client SDK] Received Packet &lt;EntityUpdate Tile 105 Components=((X=6 Y=3) Spec=0)&gt;&#xD;
[Client SDK] Received entity update for &lt;Entity Tile 105 Ct=2&gt;&#xD;
[Client SDK] Received Packet &lt;EntityUpdate Tile 106 Components=((X=6 Y=4) Spec=0)&gt;&#xD;
[Client SDK] Received entity update for &lt;Entity Tile 106 Ct=2&gt;&#xD;
[Client SDK] Received Packet &lt;EntityUpdate Tile 107 Components=((X=6 Y=5) Spec=0)&gt;&#xD;
[Client SDK] Received entity update for &lt;Entity Tile 107 Ct=2&gt;&#xD;
[Client SDK] Received Packet &lt;EntityUpdate Tile 108 Components=((X=6 Y=7) Spec=0)&gt;&#xD;
[Client SDK] Received entity update for &lt;Entity Tile 108 Ct=2&gt;&#xD;
[Client SDK] Received Packet &lt;EntityUpdate Tile 109 Components=((X=6 Y=9) Spec=0)&gt;&#xD;
[Client SDK] Received entity update for &lt;Entity Tile 109 Ct=2&gt;&#xD;
[Client SDK] Received Packet &lt;EntityUpdate Tile 110 Components=((X=7 Y=3) Spec=0)&gt;&#xD;
[Client SDK] Received entity update for &lt;Entity Tile 110 Ct=2&gt;&#xD;
[Client SDK] Received Packet &lt;EntityUpdate Tile 111 Components=((X=7 Y=4) Spec=0)&gt;&#xD;
[Client SDK] Received entity update for &lt;Entity Tile 111 Ct=2&gt;&#xD;
[Client SDK] Received Packet &lt;EntityUpdate Tile 112 Components=((X=7 Y=5) Spec=0)&gt;&#xD;
[Client SDK] Received entity update for &lt;Entity Tile 112 Ct=2&gt;&#xD;
[Client SDK] Received Packet &lt;EntityUpdate Tile 113 Components=((X=7 Y=9) Spec=0)&gt;&#xD;
[Client SDK] Received entity update for &lt;Entity Tile 113 Ct=2&gt;&#xD;
[Client SDK] Received Packet &lt;EntityUpdate Tile 114 Components=((X=9 Y=4) Spec=0)&gt;&#xD;
[Client SDK] Received entity update for &lt;Entity Tile 114 Ct=2&gt;&#xD;
[Client SDK] Received Packet &lt;EntityUpdate Tile 115 Components=((X=9 Y=5) Spec=0)&gt;&#xD;
[Client SDK] Received entity update for &lt;Entity Tile 115 Ct=2&gt;&#xD;
[Client SDK] Received Packet &lt;EntityUpdate Tile 116 Components=((X=9 Y=6) Spec=0)&gt;&#xD;
[Client SDK] Received entity update for &lt;Entity Tile 116 Ct=2&gt;&#xD;
[Client SDK] Received Packet &lt;EntityUpdate Tile 117 Components=((X=9 Y=7) Spec=0)&gt;&#xD;
[Client SDK] Received entity update for &lt;Entity Tile 117 Ct=2&gt;&#xD;
[Client SDK] Received Packet &lt;EntityUpdate Tile 35 Components=((X=3 Y=8) Spec=2),Game.Systems.Resources.TileResourceComponent&gt;&#xD;
[Client SDK] Received entity update for &lt;Entity Tile 35 Ct=2&gt;&#xD;
[Client SDK] Received Packet &lt;EntityUpdate Tile 22 Components=((X=4 Y=4) Spec=3),Game.Systems.Resources.TileResourceComponent&gt;&#xD;
[Client SDK] Received entity update for &lt;Entity Tile 22 Ct=2&gt;&#xD;
[Client SDK] Received Packet &lt;EntityUpdate Tile 37 Components=((X=4 Y=8) Spec=2),Game.Systems.Resources.TileResourceComponent&gt;&#xD;
[Client SDK] Received entity update for &lt;Entity Tile 37 Ct=2&gt;&#xD;
[Client SDK] Received Packet &lt;EntityUpdate Tile 23 Components=((X=5 Y=5) Spec=3),Game.Systems.Resources.TileResourceComponent&gt;&#xD;
[Client SDK] Received entity update for &lt;Entity Tile 23 Ct=2&gt;&#xD;
[Client SDK] Received Packet &lt;EntityUpdate Tile 39 Components=((X=5 Y=8) Spec=2),Game.Systems.Resources.TileResourceComponent&gt;&#xD;
[Client SDK] Received entity update for &lt;Entity Tile 39 Ct=2&gt;&#xD;
[Client SDK] Received Packet &lt;EntityUpdate Tile 24 Components=((X=6 Y=6) Spec=3),Game.Systems.Resources.TileResourceComponent&gt;&#xD;
[Client SDK] Received entity update for &lt;Entity Tile 24 Ct=2&gt;&#xD;
[Client SDK] Received Packet &lt;EntityUpdate Tile 41 Components=((X=6 Y=8) Spec=2),Game.Systems.Resources.TileResourceComponent&gt;&#xD;
[Client SDK] Received entity update for &lt;Entity Tile 41 Ct=2&gt;&#xD;
[Client SDK] Received Packet &lt;EntityUpdate Tile 25 Components=((X=7 Y=7) Spec=3),Game.Systems.Resources.TileResourceComponent&gt;&#xD;
[Client SDK] Received entity update for &lt;Entity Tile 25 Ct=2&gt;&#xD;
[Client SDK] Received Packet &lt;EntityUpdate Tile 43 Components=((X=7 Y=8) Spec=2),Game.Systems.Resources.TileResourceComponent&gt;&#xD;
[Client SDK] Received entity update for &lt;Entity Tile 43 Ct=2&gt;&#xD;
[Client SDK] Received Packet &lt;EntityUpdate Tile 52 Components=((X=8 Y=3) Spec=1),Game.Systems.Resources.TileResourceComponent&gt;&#xD;
[Client SDK] Received entity update for &lt;Entity Tile 52 Ct=2&gt;&#xD;
[Client SDK] Received Packet &lt;EntityUpdate Tile 54 Components=((X=8 Y=4) Spec=1),Game.Systems.Resources.TileResourceComponent&gt;&#xD;
[Client SDK] Received entity update for &lt;Entity Tile 54 Ct=2&gt;&#xD;
[Client SDK] Received Packet &lt;EntityUpdate Tile 56 Components=((X=8 Y=5) Spec=1),Game.Systems.Resources.TileResourceComponent&gt;&#xD;
[Client SDK] Received entity update for &lt;Entity Tile 56 Ct=2&gt;&#xD;
[Client SDK] Received Packet &lt;EntityUpdate Tile 58 Components=((X=8 Y=6) Spec=1),Game.Systems.Resources.TileResourceComponent&gt;&#xD;
[Client SDK] Received entity update for &lt;Entity Tile 58 Ct=2&gt;&#xD;
[Client SDK] Received Packet &lt;EntityUpdate Tile 60 Components=((X=8 Y=7) Spec=1),Game.Systems.Resources.TileResourceComponent&gt;&#xD;
[Client SDK] Received entity update for &lt;Entity Tile 60 Ct=2&gt;&#xD;
[Client SDK] Received Packet &lt;EntityUpdate Tile 72 Components=((X=8 Y=8) Spec=2),Game.Systems.Resources.TileResourceComponent&gt;&#xD;
[Client SDK] Received entity update for &lt;Entity Tile 72 Ct=2&gt;&#xD;
[Client SDK] Received Packet &lt;EntityUpdate Tile 73 Components=((X=8 Y=9) Spec=1),Game.Systems.Resources.TileResourceComponent&gt;&#xD;
[Client SDK] Received entity update for &lt;Entity Tile 73 Ct=2&gt;&#xD;
[Client SDK] Received Packet &lt;EntityUpdate Tile 74 Components=((X=9 Y=8) Spec=2),Game.Systems.Resources.TileResourceComponent&gt;&#xD;
[Client SDK] Received entity update for &lt;Entity Tile 74 Ct=2&gt;&#xD;
[Client SDK] Received Packet &lt;EntityUpdate Party 90 Components=&lt;BattleGroup Units=&lt;Unit Spec=2/&gt; BattleId=0&gt;,&lt;PartyComponent Index=0&gt;,&lt;EntityVisionComponent Sight=3&gt;,&lt;EntityMovementComponent Course=0&gt;,&lt;EntityMovementComponent MoveDelay=1&gt;,&lt;Cargo Weight=0/100 S1=&lt;Resource Id=0 Amt=0&gt; S2=&lt;Resource Id=0 Amt=0&gt; S3=&lt;Resource Id=0 Amt=0&gt;&gt;,&lt;MapPlacementComponent (X=6 Y=6)&gt;&gt;&#xD;
[Client SDK] Received entity update for &lt;Entity Party 90 Ct=9&gt;&#xD;
[Client Game] Updating entity &lt;Entity Party 90 Ct=11&gt; vision range of 3&#xD;
[Client Game] MapLogic - Set &lt;Entity Party 90 Ct=11&gt; position to (X=6 Y=6)&#xD;
[Client Game] Updating entity &lt;Entity Party 90 Ct=11&gt; vision range of 3&#xD;
[Client SDK] Sending request to move party &lt;Entity Party 90 Ct=11&gt; 1 tiles&#xD;
[Client SDK] Sending MoveEntityCommand to WORLD&#xD;
[Server WORLD] Received 320 bytes for  from connection 4&#xD;
[Server WORLD] Processing packet MoveEntityCommand from player 87&#xD;
[Server Game] &lt;Player id=87&gt; requesting 90 to move 1 tiles&#xD;
[Server Game] Updating entity &lt;Entity Party 90 Ct=12&gt; vision range of 3&#xD;
[Server Game] MapLogic - Set &lt;Entity Party 90 Ct=12&gt; position to (X=6 Y=6)&#xD;
[Server Game] &lt;Entity Party 90 Ct=12&gt; starting harvesting on &lt;Tile (X=6 Y=6) Id=24&gt;&#xD;
[Client SDK] Received Packet &lt;EntityUpdate Party 90 Components=&lt;EntityMovementComponent Course=118&gt;&gt;&#xD;
[Client SDK] Received entity update for &lt;Entity Party 90 Ct=11&gt;&#xD;
[Client SDK] Received Packet &lt;EntityUpdate Tile 24 Components=Game.Systems.Resources.TileResourceComponent&gt;&#xD;
[Client SDK] Received entity update for &lt;Entity Tile 24 Ct=5&gt;&#xD;
[Client SDK] Received Packet &lt;EntityUpdate Party 90 Components=&lt;PreviousMapPlacement (X=6 Y=6)&gt;,&lt;MapPlacementComponent (X=6 Y=6)&gt;,Game.Systems.Resources.HarvestingComponent,&lt;EntityMovementComponent Course=0&gt;&gt;&#xD;
[Client SDK] Received entity update for &lt;Entity Party 90 Ct=11&gt;&#xD;
[Client SDK] Sending StopHarvestingCommand to WORLD&#xD;
[Server WORLD] Received 151 bytes for  from connection 4&#xD;
[Server WORLD] Processing packet StopHarvestingCommand from player 87&#xD;
[Server Game] Removed HarvestingComponent from &lt;Entity Party 90 Ct=12&gt;&#xD;
[Server Game] Added &lt;Resource Id=0 Amt=1&gt; to cargo &lt;Cargo Weight=5/100 S1=&lt;Resource Id=0 Amt=1&gt; S2=&lt;Resource Id=0 Amt=0&gt; S3=&lt;Resource Id=0 Amt=0&gt;&gt; from &lt;Entity Party 90 Ct=12&gt;&#xD;
[Server Game] &lt;Entity Party 90 Ct=12&gt; finished harvesting on &lt;Tile (X=6 Y=6) Id=24&gt; and got 1xLogs&#xD;
[Client SDK] Received Packet &lt;EntityUpdate Tile 24 Components=Game.Systems.Resources.TileResourceComponent&gt;&#xD;
[Client SDK] Received entity update for &lt;Entity Tile 24 Ct=5&gt;&#xD;
[Client SDK] Received Packet &lt;EntityUpdate Party 90 Components=&lt;Cargo Weight=5/100 S1=&lt;Resource Id=0 Amt=0&gt; S2=&lt;Resource Id=0 Amt=0&gt; S3=&lt;Resource Id=0 Amt=0&gt;&gt;&gt;&#xD;
[Client SDK] Received entity update for &lt;Entity Party 90 Ct=12&gt;&#xD;
</Text>
      </RunInfo>
    </RunInfos>
  </ResultSummary>
</TestRun>